{"/usr/local/code/cma/cma-app/aws-exports-test.js": {"path":"/usr/local/code/cma/cma-app/aws-exports-test.js","statementMap":{"0":{"start":{"line":4,"column":18},"end":{"line":31,"column":1}},"1":{"start":{"line":35,"column":0},"end":{"line":35,"column":28}}},"fnMap":{},"branchMap":{},"s":{"0":1,"1":1},"f":{},"b":{},"_coverageSchema":"43e27e138ebf9cfc5966b082cf9a028302ed4184","hash":"692ff10e64875df02e07e489edc81928a94545e5"}
,"/usr/local/code/cma/cma-app/api/fetch.ts": {"path":"/usr/local/code/cma/cma-app/api/fetch.ts","statementMap":{"0":{"start":{"line":18,"column":4},"end":{"line":18,"column":36}},"1":{"start":{"line":20,"column":4},"end":{"line":37,"column":5}},"2":{"start":{"line":21,"column":8},"end":{"line":21,"column":64}},"3":{"start":{"line":27,"column":33},"end":{"line":31,"column":40}},"4":{"start":{"line":33,"column":8},"end":{"line":33,"column":59}},"5":{"start":{"line":35,"column":8},"end":{"line":35,"column":52}},"6":{"start":{"line":36,"column":8},"end":{"line":36,"column":17}},"7":{"start":{"line":39,"column":4},"end":{"line":39,"column":35}},"8":{"start":{"line":43,"column":4},"end":{"line":43,"column":36}},"9":{"start":{"line":45,"column":4},"end":{"line":62,"column":5}},"10":{"start":{"line":46,"column":8},"end":{"line":46,"column":64}},"11":{"start":{"line":51,"column":33},"end":{"line":55,"column":38}},"12":{"start":{"line":58,"column":8},"end":{"line":58,"column":59}},"13":{"start":{"line":60,"column":8},"end":{"line":60,"column":52}},"14":{"start":{"line":61,"column":8},"end":{"line":61,"column":17}},"15":{"start":{"line":64,"column":4},"end":{"line":64,"column":35}},"16":{"start":{"line":69,"column":4},"end":{"line":69,"column":33}},"17":{"start":{"line":73,"column":19},"end":{"line":75,"column":5}},"18":{"start":{"line":77,"column":4},"end":{"line":77,"column":39}},"19":{"start":{"line":78,"column":4},"end":{"line":78,"column":48}},"20":{"start":{"line":89,"column":26},"end":{"line":89,"column":61}},"21":{"start":{"line":90,"column":4},"end":{"line":92,"column":6}},"22":{"start":{"line":94,"column":4},"end":{"line":100,"column":5}},"23":{"start":{"line":95,"column":8},"end":{"line":95,"column":50}},"24":{"start":{"line":96,"column":11},"end":{"line":100,"column":5}},"25":{"start":{"line":97,"column":8},"end":{"line":97,"column":53}},"26":{"start":{"line":99,"column":8},"end":{"line":99,"column":53}},"27":{"start":{"line":105,"column":4},"end":{"line":105,"column":81}},"28":{"start":{"line":110,"column":36},"end":{"line":110,"column":80}},"29":{"start":{"line":111,"column":4},"end":{"line":113,"column":6}},"30":{"start":{"line":116,"column":4},"end":{"line":122,"column":5}},"31":{"start":{"line":117,"column":8},"end":{"line":117,"column":60}},"32":{"start":{"line":118,"column":11},"end":{"line":122,"column":5}},"33":{"start":{"line":119,"column":8},"end":{"line":119,"column":63}},"34":{"start":{"line":121,"column":8},"end":{"line":121,"column":63}},"35":{"start":{"line":127,"column":4},"end":{"line":127,"column":63}},"36":{"start":{"line":128,"column":4},"end":{"line":145,"column":5}},"37":{"start":{"line":129,"column":27},"end":{"line":131,"column":9}},"38":{"start":{"line":132,"column":8},"end":{"line":132,"column":68}},"39":{"start":{"line":133,"column":8},"end":{"line":133,"column":100}},"40":{"start":{"line":134,"column":8},"end":{"line":134,"column":67}},"41":{"start":{"line":135,"column":8},"end":{"line":142,"column":9}},"42":{"start":{"line":136,"column":12},"end":{"line":136,"column":76}},"43":{"start":{"line":137,"column":12},"end":{"line":141,"column":13}},"44":{"start":{"line":138,"column":16},"end":{"line":138,"column":38}},"45":{"start":{"line":140,"column":16},"end":{"line":140,"column":110}},"46":{"start":{"line":144,"column":8},"end":{"line":144,"column":25}},"47":{"start":{"line":149,"column":4},"end":{"line":149,"column":65}},"48":{"start":{"line":150,"column":4},"end":{"line":167,"column":5}},"49":{"start":{"line":151,"column":32},"end":{"line":153,"column":9}},"50":{"start":{"line":154,"column":8},"end":{"line":154,"column":60}},"51":{"start":{"line":155,"column":8},"end":{"line":155,"column":117}},"52":{"start":{"line":156,"column":8},"end":{"line":156,"column":59}},"53":{"start":{"line":157,"column":8},"end":{"line":164,"column":9}},"54":{"start":{"line":158,"column":12},"end":{"line":158,"column":71}},"55":{"start":{"line":159,"column":12},"end":{"line":163,"column":13}},"56":{"start":{"line":160,"column":16},"end":{"line":160,"column":43}},"57":{"start":{"line":162,"column":16},"end":{"line":162,"column":110}},"58":{"start":{"line":166,"column":8},"end":{"line":166,"column":25}},"59":{"start":{"line":179,"column":4},"end":{"line":181,"column":5}},"60":{"start":{"line":180,"column":8},"end":{"line":180,"column":24}},"61":{"start":{"line":182,"column":4},"end":{"line":231,"column":5}},"62":{"start":{"line":190,"column":33},"end":{"line":194,"column":46}},"63":{"start":{"line":196,"column":8},"end":{"line":196,"column":89}},"64":{"start":{"line":198,"column":25},"end":{"line":198,"column":27}},"65":{"start":{"line":199,"column":8},"end":{"line":201,"column":9}},"66":{"start":{"line":200,"column":12},"end":{"line":200,"column":77}},"67":{"start":{"line":203,"column":8},"end":{"line":203,"column":61}},"68":{"start":{"line":205,"column":33},"end":{"line":205,"column":62}},"69":{"start":{"line":208,"column":12},"end":{"line":208,"column":53}},"70":{"start":{"line":210,"column":12},"end":{"line":210,"column":52}},"71":{"start":{"line":212,"column":12},"end":{"line":212,"column":50}},"72":{"start":{"line":214,"column":8},"end":{"line":227,"column":9}},"73":{"start":{"line":216,"column":12},"end":{"line":216,"column":114}},"74":{"start":{"line":218,"column":12},"end":{"line":223,"column":13}},"75":{"start":{"line":225,"column":12},"end":{"line":225,"column":65}},"76":{"start":{"line":226,"column":12},"end":{"line":226,"column":28}},"77":{"start":{"line":229,"column":8},"end":{"line":229,"column":58}},"78":{"start":{"line":230,"column":8},"end":{"line":230,"column":24}},"79":{"start":{"line":232,"column":4},"end":{"line":232,"column":40}},"80":{"start":{"line":236,"column":4},"end":{"line":236,"column":72}},"81":{"start":{"line":237,"column":4},"end":{"line":241,"column":5}},"82":{"start":{"line":238,"column":8},"end":{"line":238,"column":62}},"83":{"start":{"line":239,"column":8},"end":{"line":239,"column":17}},"84":{"start":{"line":249,"column":29},"end":{"line":254,"column":37}},"85":{"start":{"line":256,"column":4},"end":{"line":256,"column":57}},"86":{"start":{"line":261,"column":4},"end":{"line":261,"column":65}},"87":{"start":{"line":262,"column":4},"end":{"line":265,"column":5}},"88":{"start":{"line":263,"column":8},"end":{"line":263,"column":56}},"89":{"start":{"line":264,"column":8},"end":{"line":264,"column":17}},"90":{"start":{"line":267,"column":4},"end":{"line":286,"column":5}},"91":{"start":{"line":271,"column":28},"end":{"line":276,"column":39}},"92":{"start":{"line":277,"column":22},"end":{"line":277,"column":60}},"93":{"start":{"line":280,"column":8},"end":{"line":280,"column":53}},"94":{"start":{"line":282,"column":8},"end":{"line":282,"column":25}},"95":{"start":{"line":284,"column":8},"end":{"line":284,"column":51}},"96":{"start":{"line":285,"column":8},"end":{"line":285,"column":17}},"97":{"start":{"line":290,"column":4},"end":{"line":338,"column":5}},"98":{"start":{"line":292,"column":8},"end":{"line":295,"column":9}},"99":{"start":{"line":293,"column":12},"end":{"line":293,"column":68}},"100":{"start":{"line":294,"column":12},"end":{"line":294,"column":52}},"101":{"start":{"line":298,"column":25},"end":{"line":298,"column":27}},"102":{"start":{"line":299,"column":35},"end":{"line":299,"column":65}},"103":{"start":{"line":300,"column":8},"end":{"line":309,"column":11}},"104":{"start":{"line":301,"column":12},"end":{"line":301,"column":58}},"105":{"start":{"line":302,"column":12},"end":{"line":308,"column":14}},"106":{"start":{"line":311,"column":27},"end":{"line":311,"column":54}},"107":{"start":{"line":312,"column":8},"end":{"line":312,"column":55}},"108":{"start":{"line":314,"column":16},"end":{"line":314,"column":17}},"109":{"start":{"line":315,"column":27},"end":{"line":315,"column":29}},"110":{"start":{"line":316,"column":25},"end":{"line":316,"column":55}},"111":{"start":{"line":317,"column":8},"end":{"line":328,"column":11}},"112":{"start":{"line":324,"column":16},"end":{"line":324,"column":28}},"113":{"start":{"line":326,"column":12},"end":{"line":326,"column":42}},"114":{"start":{"line":327,"column":12},"end":{"line":327,"column":59}},"115":{"start":{"line":331,"column":8},"end":{"line":331,"column":60}},"116":{"start":{"line":332,"column":8},"end":{"line":332,"column":64}},"117":{"start":{"line":334,"column":8},"end":{"line":334,"column":26}},"118":{"start":{"line":336,"column":8},"end":{"line":336,"column":58}},"119":{"start":{"line":337,"column":8},"end":{"line":337,"column":48}},"120":{"start":{"line":342,"column":4},"end":{"line":345,"column":5}},"121":{"start":{"line":343,"column":8},"end":{"line":343,"column":68}},"122":{"start":{"line":344,"column":8},"end":{"line":344,"column":15}},"123":{"start":{"line":349,"column":23},"end":{"line":351,"column":36}},"124":{"start":{"line":353,"column":4},"end":{"line":353,"column":34}},"125":{"start":{"line":357,"column":4},"end":{"line":357,"column":68}},"126":{"start":{"line":358,"column":4},"end":{"line":361,"column":5}},"127":{"start":{"line":359,"column":8},"end":{"line":359,"column":61}},"128":{"start":{"line":360,"column":8},"end":{"line":360,"column":20}},"129":{"start":{"line":366,"column":28},"end":{"line":370,"column":42}},"130":{"start":{"line":372,"column":4},"end":{"line":372,"column":41}},"131":{"start":{"line":373,"column":4},"end":{"line":373,"column":58}},"132":{"start":{"line":387,"column":27},"end":{"line":389,"column":39}},"133":{"start":{"line":391,"column":35},"end":{"line":391,"column":65}},"134":{"start":{"line":392,"column":4},"end":{"line":392,"column":95}},"135":{"start":{"line":392,"column":85},"end":{"line":392,"column":94}},"136":{"start":{"line":395,"column":4},"end":{"line":395,"column":18}}},"fnMap":{"0":{"name":"fetchAllUsers","decl":{"start":{"line":17,"column":15},"end":{"line":17,"column":28}},"loc":{"start":{"line":17,"column":53},"end":{"line":40,"column":1}},"line":17},"1":{"name":"fetchAllPosts","decl":{"start":{"line":42,"column":15},"end":{"line":42,"column":28}},"loc":{"start":{"line":42,"column":53},"end":{"line":66,"column":1}},"line":42},"2":{"name":"fetchAllChannels","decl":{"start":{"line":68,"column":15},"end":{"line":68,"column":31}},"loc":{"start":{"line":68,"column":59},"end":{"line":79,"column":1}},"line":68},"3":{"name":"handlePostEvent","decl":{"start":{"line":83,"column":15},"end":{"line":83,"column":30}},"loc":{"start":{"line":83,"column":38},"end":{"line":102,"column":1}},"line":83},"4":{"name":"handleBroadcastEvent","decl":{"start":{"line":104,"column":15},"end":{"line":104,"column":35}},"loc":{"start":{"line":104,"column":43},"end":{"line":124,"column":1}},"line":104},"5":{"name":"subscribeToMyPosts","decl":{"start":{"line":126,"column":9},"end":{"line":126,"column":27}},"loc":{"start":{"line":126,"column":49},"end":{"line":146,"column":1}},"line":126},"6":{"name":"(anonymous_6)","decl":{"start":{"line":135,"column":15},"end":{"line":135,"column":16}},"loc":{"start":{"line":135,"column":21},"end":{"line":142,"column":9}},"line":135},"7":{"name":"subscribeToBroadcastChannel","decl":{"start":{"line":148,"column":9},"end":{"line":148,"column":36}},"loc":{"start":{"line":148,"column":56},"end":{"line":168,"column":1}},"line":148},"8":{"name":"(anonymous_8)","decl":{"start":{"line":157,"column":15},"end":{"line":157,"column":16}},"loc":{"start":{"line":157,"column":21},"end":{"line":164,"column":9}},"line":157},"9":{"name":"fetchOperatingUser","decl":{"start":{"line":171,"column":15},"end":{"line":171,"column":33}},"loc":{"start":{"line":177,"column":19},"end":{"line":233,"column":1}},"line":177},"10":{"name":"fetchOwnedChannels","decl":{"start":{"line":235,"column":15},"end":{"line":235,"column":33}},"loc":{"start":{"line":235,"column":80},"end":{"line":258,"column":1}},"line":235},"11":{"name":"fetchPosts","decl":{"start":{"line":260,"column":15},"end":{"line":260,"column":25}},"loc":{"start":{"line":260,"column":64},"end":{"line":287,"column":1}},"line":260},"12":{"name":"fetchBroadcastPost","decl":{"start":{"line":289,"column":15},"end":{"line":289,"column":33}},"loc":{"start":{"line":289,"column":111},"end":{"line":339,"column":1}},"line":289},"13":{"name":"(anonymous_13)","decl":{"start":{"line":300,"column":30},"end":{"line":300,"column":31}},"loc":{"start":{"line":300,"column":43},"end":{"line":309,"column":9}},"line":300},"14":{"name":"(anonymous_14)","decl":{"start":{"line":317,"column":35},"end":{"line":317,"column":36}},"loc":{"start":{"line":317,"column":51},"end":{"line":328,"column":9}},"line":317},"15":{"name":"getAuthDetails","decl":{"start":{"line":341,"column":15},"end":{"line":341,"column":29}},"loc":{"start":{"line":341,"column":57},"end":{"line":354,"column":1}},"line":341},"16":{"name":"fetchMySubChannels","decl":{"start":{"line":356,"column":15},"end":{"line":356,"column":33}},"loc":{"start":{"line":356,"column":79},"end":{"line":375,"column":1}},"line":356},"17":{"name":"fetchChannelDetails","decl":{"start":{"line":377,"column":15},"end":{"line":377,"column":34}},"loc":{"start":{"line":377,"column":79},"end":{"line":396,"column":1}},"line":377},"18":{"name":"(anonymous_18)","decl":{"start":{"line":392,"column":77},"end":{"line":392,"column":78}},"loc":{"start":{"line":392,"column":85},"end":{"line":392,"column":94}},"line":392}},"branchMap":{"0":{"loc":{"start":{"line":33,"column":15},"end":{"line":33,"column":58}},"type":"binary-expr","locations":[{"start":{"line":33,"column":15},"end":{"line":33,"column":52}},{"start":{"line":33,"column":56},"end":{"line":33,"column":58}}],"line":33},"1":{"loc":{"start":{"line":58,"column":15},"end":{"line":58,"column":58}},"type":"binary-expr","locations":[{"start":{"line":58,"column":15},"end":{"line":58,"column":52}},{"start":{"line":58,"column":56},"end":{"line":58,"column":58}}],"line":58},"2":{"loc":{"start":{"line":78,"column":11},"end":{"line":78,"column":47}},"type":"binary-expr","locations":[{"start":{"line":78,"column":11},"end":{"line":78,"column":41}},{"start":{"line":78,"column":45},"end":{"line":78,"column":47}}],"line":78},"3":{"loc":{"start":{"line":94,"column":4},"end":{"line":100,"column":5}},"type":"if","locations":[{"start":{"line":94,"column":4},"end":{"line":100,"column":5}},{"start":{"line":94,"column":4},"end":{"line":100,"column":5}}],"line":94},"4":{"loc":{"start":{"line":96,"column":11},"end":{"line":100,"column":5}},"type":"if","locations":[{"start":{"line":96,"column":11},"end":{"line":100,"column":5}},{"start":{"line":96,"column":11},"end":{"line":100,"column":5}}],"line":96},"5":{"loc":{"start":{"line":116,"column":4},"end":{"line":122,"column":5}},"type":"if","locations":[{"start":{"line":116,"column":4},"end":{"line":122,"column":5}},{"start":{"line":116,"column":4},"end":{"line":122,"column":5}}],"line":116},"6":{"loc":{"start":{"line":118,"column":11},"end":{"line":122,"column":5}},"type":"if","locations":[{"start":{"line":118,"column":11},"end":{"line":122,"column":5}},{"start":{"line":118,"column":11},"end":{"line":122,"column":5}}],"line":118},"7":{"loc":{"start":{"line":128,"column":4},"end":{"line":145,"column":5}},"type":"if","locations":[{"start":{"line":128,"column":4},"end":{"line":145,"column":5}},{"start":{"line":128,"column":4},"end":{"line":145,"column":5}}],"line":128},"8":{"loc":{"start":{"line":150,"column":4},"end":{"line":167,"column":5}},"type":"if","locations":[{"start":{"line":150,"column":4},"end":{"line":167,"column":5}},{"start":{"line":150,"column":4},"end":{"line":167,"column":5}}],"line":150},"9":{"loc":{"start":{"line":179,"column":4},"end":{"line":181,"column":5}},"type":"if","locations":[{"start":{"line":179,"column":4},"end":{"line":181,"column":5}},{"start":{"line":179,"column":4},"end":{"line":181,"column":5}}],"line":179},"10":{"loc":{"start":{"line":199,"column":8},"end":{"line":201,"column":9}},"type":"if","locations":[{"start":{"line":199,"column":8},"end":{"line":201,"column":9}},{"start":{"line":199,"column":8},"end":{"line":201,"column":9}}],"line":199},"11":{"loc":{"start":{"line":237,"column":4},"end":{"line":241,"column":5}},"type":"if","locations":[{"start":{"line":237,"column":4},"end":{"line":241,"column":5}},{"start":{"line":237,"column":4},"end":{"line":241,"column":5}}],"line":237},"12":{"loc":{"start":{"line":262,"column":4},"end":{"line":265,"column":5}},"type":"if","locations":[{"start":{"line":262,"column":4},"end":{"line":265,"column":5}},{"start":{"line":262,"column":4},"end":{"line":265,"column":5}}],"line":262},"13":{"loc":{"start":{"line":292,"column":8},"end":{"line":295,"column":9}},"type":"if","locations":[{"start":{"line":292,"column":8},"end":{"line":295,"column":9}},{"start":{"line":292,"column":8},"end":{"line":295,"column":9}}],"line":292},"14":{"loc":{"start":{"line":342,"column":4},"end":{"line":345,"column":5}},"type":"if","locations":[{"start":{"line":342,"column":4},"end":{"line":345,"column":5}},{"start":{"line":342,"column":4},"end":{"line":345,"column":5}}],"line":342},"15":{"loc":{"start":{"line":358,"column":4},"end":{"line":361,"column":5}},"type":"if","locations":[{"start":{"line":358,"column":4},"end":{"line":361,"column":5}},{"start":{"line":358,"column":4},"end":{"line":361,"column":5}}],"line":358}},"s":{"0":0,"1":0,"2":0,"3":0,"4":0,"5":0,"6":0,"7":0,"8":0,"9":0,"10":0,"11":0,"12":0,"13":0,"14":0,"15":0,"16":0,"17":0,"18":0,"19":0,"20":0,"21":0,"22":0,"23":0,"24":0,"25":0,"26":0,"27":0,"28":0,"29":0,"30":0,"31":0,"32":0,"33":0,"34":0,"35":0,"36":0,"37":0,"38":0,"39":0,"40":0,"41":0,"42":0,"43":0,"44":0,"45":0,"46":0,"47":0,"48":0,"49":0,"50":0,"51":0,"52":0,"53":0,"54":0,"55":0,"56":0,"57":0,"58":0,"59":4,"60":0,"61":4,"62":4,"63":4,"64":4,"65":4,"66":4,"67":4,"68":4,"69":4,"70":4,"71":4,"72":4,"73":4,"74":4,"75":0,"76":0,"77":0,"78":0,"79":0,"80":0,"81":0,"82":0,"83":0,"84":0,"85":0,"86":0,"87":0,"88":0,"89":0,"90":0,"91":0,"92":0,"93":0,"94":0,"95":0,"96":0,"97":0,"98":0,"99":0,"100":0,"101":0,"102":0,"103":0,"104":0,"105":0,"106":0,"107":0,"108":0,"109":0,"110":0,"111":0,"112":0,"113":0,"114":0,"115":0,"116":0,"117":0,"118":0,"119":0,"120":0,"121":0,"122":0,"123":0,"124":0,"125":0,"126":0,"127":0,"128":0,"129":0,"130":0,"131":0,"132":0,"133":0,"134":0,"135":0,"136":0},"f":{"0":0,"1":0,"2":0,"3":0,"4":0,"5":0,"6":0,"7":0,"8":0,"9":4,"10":0,"11":0,"12":0,"13":0,"14":0,"15":0,"16":0,"17":0,"18":0},"b":{"0":[0,0],"1":[0,0],"2":[0,0],"3":[0,0],"4":[0,0],"5":[0,0],"6":[0,0],"7":[0,0],"8":[0,0],"9":[0,4],"10":[4,0],"11":[0,0],"12":[0,0],"13":[0,0],"14":[0,0],"15":[0,0]},"_coverageSchema":"43e27e138ebf9cfc5966b082cf9a028302ed4184","hash":"e67b451a9f019e99d85c7585a63f65cadc812188"}
,"/usr/local/code/cma/cma-app/api/mutate.ts": {"path":"/usr/local/code/cma/cma-app/api/mutate.ts","statementMap":{"0":{"start":{"line":18,"column":26},"end":{"line":19,"column":64}},"1":{"start":{"line":20,"column":4},"end":{"line":20,"column":51}},"2":{"start":{"line":21,"column":4},"end":{"line":26,"column":5}},"3":{"start":{"line":22,"column":8},"end":{"line":25,"column":10}},"4":{"start":{"line":23,"column":11},"end":{"line":23,"column":80}},"5":{"start":{"line":24,"column":12},"end":{"line":24,"column":89}},"6":{"start":{"line":31,"column":21},"end":{"line":31,"column":87}},"7":{"start":{"line":31,"column":53},"end":{"line":31,"column":86}},"8":{"start":{"line":32,"column":17},"end":{"line":32,"column":26}},"9":{"start":{"line":33,"column":4},"end":{"line":36,"column":103}},"10":{"start":{"line":34,"column":8},"end":{"line":34,"column":103}},"11":{"start":{"line":36,"column":8},"end":{"line":36,"column":103}},"12":{"start":{"line":37,"column":4},"end":{"line":37,"column":66}},"13":{"start":{"line":38,"column":4},"end":{"line":43,"column":5}},"14":{"start":{"line":39,"column":8},"end":{"line":42,"column":10}},"15":{"start":{"line":40,"column":11},"end":{"line":40,"column":97}},"16":{"start":{"line":41,"column":12},"end":{"line":41,"column":86}},"17":{"start":{"line":45,"column":4},"end":{"line":45,"column":51}},"18":{"start":{"line":66,"column":4},"end":{"line":66,"column":32}},"19":{"start":{"line":67,"column":35},"end":{"line":67,"column":40}},"20":{"start":{"line":68,"column":4},"end":{"line":70,"column":5}},"21":{"start":{"line":69,"column":8},"end":{"line":69,"column":49}},"22":{"start":{"line":71,"column":4},"end":{"line":74,"column":5}},"23":{"start":{"line":72,"column":8},"end":{"line":72,"column":66}},"24":{"start":{"line":73,"column":8},"end":{"line":73,"column":15}},"25":{"start":{"line":75,"column":4},"end":{"line":75,"column":52}},"26":{"start":{"line":76,"column":4},"end":{"line":96,"column":5}},"27":{"start":{"line":78,"column":24},"end":{"line":81,"column":26}},"28":{"start":{"line":83,"column":8},"end":{"line":83,"column":42}},"29":{"start":{"line":84,"column":8},"end":{"line":91,"column":9}},"30":{"start":{"line":85,"column":29},"end":{"line":85,"column":63}},"31":{"start":{"line":87,"column":12},"end":{"line":87,"column":81}},"32":{"start":{"line":87,"column":25},"end":{"line":87,"column":81}},"33":{"start":{"line":88,"column":12},"end":{"line":88,"column":42}},"34":{"start":{"line":90,"column":12},"end":{"line":90,"column":31}},"35":{"start":{"line":95,"column":8},"end":{"line":95,"column":53}},"36":{"start":{"line":101,"column":4},"end":{"line":101,"column":33}},"37":{"start":{"line":103,"column":4},"end":{"line":106,"column":5}},"38":{"start":{"line":104,"column":8},"end":{"line":104,"column":64}},"39":{"start":{"line":105,"column":8},"end":{"line":105,"column":15}},"40":{"start":{"line":107,"column":23},"end":{"line":115,"column":5}},"41":{"start":{"line":117,"column":4},"end":{"line":137,"column":5}},"42":{"start":{"line":122,"column":27},"end":{"line":124,"column":25}},"43":{"start":{"line":125,"column":24},"end":{"line":125,"column":34}},"44":{"start":{"line":127,"column":8},"end":{"line":127,"column":48}},"45":{"start":{"line":128,"column":8},"end":{"line":132,"column":9}},"46":{"start":{"line":129,"column":12},"end":{"line":129,"column":45}},"47":{"start":{"line":131,"column":12},"end":{"line":131,"column":34}},"48":{"start":{"line":136,"column":8},"end":{"line":136,"column":68}},"49":{"start":{"line":141,"column":4},"end":{"line":144,"column":5}},"50":{"start":{"line":142,"column":8},"end":{"line":142,"column":39}},"51":{"start":{"line":143,"column":8},"end":{"line":143,"column":15}},"52":{"start":{"line":146,"column":4},"end":{"line":146,"column":33}},"53":{"start":{"line":148,"column":20},"end":{"line":152,"column":22}},"54":{"start":{"line":154,"column":4},"end":{"line":154,"column":44}},"55":{"start":{"line":155,"column":4},"end":{"line":162,"column":5}},"56":{"start":{"line":156,"column":25},"end":{"line":156,"column":59}},"57":{"start":{"line":158,"column":8},"end":{"line":158,"column":76}},"58":{"start":{"line":158,"column":21},"end":{"line":158,"column":76}},"59":{"start":{"line":159,"column":8},"end":{"line":159,"column":38}},"60":{"start":{"line":161,"column":8},"end":{"line":161,"column":27}},"61":{"start":{"line":173,"column":4},"end":{"line":173,"column":36}},"62":{"start":{"line":174,"column":4},"end":{"line":177,"column":5}},"63":{"start":{"line":175,"column":8},"end":{"line":175,"column":48}},"64":{"start":{"line":176,"column":8},"end":{"line":176,"column":15}},"65":{"start":{"line":179,"column":4},"end":{"line":182,"column":5}},"66":{"start":{"line":180,"column":8},"end":{"line":180,"column":58}},"67":{"start":{"line":181,"column":8},"end":{"line":181,"column":15}},"68":{"start":{"line":184,"column":15},"end":{"line":184,"column":33}},"69":{"start":{"line":186,"column":29},"end":{"line":191,"column":5}},"70":{"start":{"line":197,"column":20},"end":{"line":199,"column":36}},"71":{"start":{"line":201,"column":4},"end":{"line":201,"column":46}},"72":{"start":{"line":202,"column":4},"end":{"line":202,"column":33}},"73":{"start":{"line":204,"column":29},"end":{"line":204,"column":94}},"74":{"start":{"line":206,"column":4},"end":{"line":206,"column":90}},"75":{"start":{"line":218,"column":4},"end":{"line":218,"column":75}},"76":{"start":{"line":220,"column":4},"end":{"line":223,"column":5}},"77":{"start":{"line":221,"column":6},"end":{"line":221,"column":83}},"78":{"start":{"line":222,"column":6},"end":{"line":222,"column":13}},"79":{"start":{"line":225,"column":4},"end":{"line":225,"column":121}},"80":{"start":{"line":226,"column":4},"end":{"line":229,"column":5}},"81":{"start":{"line":226,"column":40},"end":{"line":226,"column":69}},"82":{"start":{"line":227,"column":6},"end":{"line":227,"column":62}},"83":{"start":{"line":228,"column":6},"end":{"line":228,"column":13}},"84":{"start":{"line":231,"column":29},"end":{"line":233,"column":5}},"85":{"start":{"line":234,"column":4},"end":{"line":236,"column":6}},"86":{"start":{"line":237,"column":4},"end":{"line":239,"column":5}},"87":{"start":{"line":238,"column":8},"end":{"line":238,"column":89}},"88":{"start":{"line":244,"column":20},"end":{"line":251,"column":34}},"89":{"start":{"line":253,"column":4},"end":{"line":255,"column":6}},"90":{"start":{"line":257,"column":4},"end":{"line":257,"column":41}},"91":{"start":{"line":262,"column":4},"end":{"line":265,"column":5}},"92":{"start":{"line":263,"column":8},"end":{"line":263,"column":67}},"93":{"start":{"line":264,"column":8},"end":{"line":264,"column":15}},"94":{"start":{"line":267,"column":16},"end":{"line":267,"column":39}},"95":{"start":{"line":268,"column":19},"end":{"line":268,"column":79}},"96":{"start":{"line":270,"column":23},"end":{"line":274,"column":5}},"97":{"start":{"line":276,"column":20},"end":{"line":276,"column":22}},"98":{"start":{"line":277,"column":4},"end":{"line":297,"column":5}},"99":{"start":{"line":280,"column":8},"end":{"line":280,"column":35}},"100":{"start":{"line":287,"column":27},"end":{"line":289,"column":40}},"101":{"start":{"line":291,"column":8},"end":{"line":291,"column":42}},"102":{"start":{"line":294,"column":8},"end":{"line":296,"column":10}},"103":{"start":{"line":302,"column":4},"end":{"line":305,"column":5}},"104":{"start":{"line":303,"column":8},"end":{"line":303,"column":58}},"105":{"start":{"line":304,"column":8},"end":{"line":304,"column":15}},"106":{"start":{"line":307,"column":4},"end":{"line":307,"column":36}},"107":{"start":{"line":309,"column":20},"end":{"line":317,"column":5}},"108":{"start":{"line":319,"column":4},"end":{"line":321,"column":6}},"109":{"start":{"line":322,"column":4},"end":{"line":322,"column":19}},"110":{"start":{"line":327,"column":4},"end":{"line":330,"column":5}},"111":{"start":{"line":328,"column":8},"end":{"line":328,"column":42}},"112":{"start":{"line":329,"column":8},"end":{"line":329,"column":15}},"113":{"start":{"line":332,"column":4},"end":{"line":332,"column":38}},"114":{"start":{"line":334,"column":20},"end":{"line":338,"column":5}},"115":{"start":{"line":340,"column":4},"end":{"line":342,"column":6}},"116":{"start":{"line":343,"column":4},"end":{"line":343,"column":19}},"117":{"start":{"line":348,"column":4},"end":{"line":348,"column":52}},"118":{"start":{"line":349,"column":4},"end":{"line":352,"column":5}},"119":{"start":{"line":350,"column":6},"end":{"line":350,"column":39}},"120":{"start":{"line":351,"column":6},"end":{"line":351,"column":13}},"121":{"start":{"line":354,"column":4},"end":{"line":408,"column":5}},"122":{"start":{"line":356,"column":20},"end":{"line":356,"column":22}},"123":{"start":{"line":359,"column":6},"end":{"line":367,"column":9}},"124":{"start":{"line":360,"column":8},"end":{"line":366,"column":10}},"125":{"start":{"line":370,"column":6},"end":{"line":378,"column":9}},"126":{"start":{"line":371,"column":8},"end":{"line":377,"column":10}},"127":{"start":{"line":381,"column":4},"end":{"line":388,"column":10}},"128":{"start":{"line":382,"column":8},"end":{"line":387,"column":10}},"129":{"start":{"line":390,"column":6},"end":{"line":398,"column":8}},"130":{"start":{"line":400,"column":26},"end":{"line":400,"column":59}},"131":{"start":{"line":402,"column":6},"end":{"line":404,"column":8}},"132":{"start":{"line":407,"column":6},"end":{"line":407,"column":74}}},"fnMap":{"0":{"name":"commentOnPost","decl":{"start":{"line":17,"column":15},"end":{"line":17,"column":28}},"loc":{"start":{"line":17,"column":94},"end":{"line":28,"column":1}},"line":17},"1":{"name":"(anonymous_1)","decl":{"start":{"line":22,"column":60},"end":{"line":22,"column":61}},"loc":{"start":{"line":22,"column":84},"end":{"line":25,"column":9}},"line":22},"2":{"name":"likePost","decl":{"start":{"line":29,"column":15},"end":{"line":29,"column":23}},"loc":{"start":{"line":29,"column":86},"end":{"line":46,"column":1}},"line":29},"3":{"name":"(anonymous_3)","decl":{"start":{"line":31,"column":45},"end":{"line":31,"column":46}},"loc":{"start":{"line":31,"column":53},"end":{"line":31,"column":86}},"line":31},"4":{"name":"(anonymous_4)","decl":{"start":{"line":39,"column":53},"end":{"line":39,"column":54}},"loc":{"start":{"line":39,"column":77},"end":{"line":42,"column":9}},"line":39},"5":{"name":"updateUser","decl":{"start":{"line":65,"column":15},"end":{"line":65,"column":25}},"loc":{"start":{"line":65,"column":65},"end":{"line":97,"column":1}},"line":65},"6":{"name":"createUser","decl":{"start":{"line":100,"column":15},"end":{"line":100,"column":25}},"loc":{"start":{"line":100,"column":50},"end":{"line":138,"column":1}},"line":100},"7":{"name":"deleteUser","decl":{"start":{"line":140,"column":15},"end":{"line":140,"column":25}},"loc":{"start":{"line":140,"column":58},"end":{"line":164,"column":1}},"line":140},"8":{"name":"createChannel","decl":{"start":{"line":171,"column":15},"end":{"line":171,"column":28}},"loc":{"start":{"line":172,"column":66},"end":{"line":210,"column":1}},"line":172},"9":{"name":"subscribeToChannel","decl":{"start":{"line":216,"column":15},"end":{"line":216,"column":33}},"loc":{"start":{"line":217,"column":63},"end":{"line":258,"column":3}},"line":217},"10":{"name":"(anonymous_10)","decl":{"start":{"line":226,"column":29},"end":{"line":226,"column":30}},"loc":{"start":{"line":226,"column":40},"end":{"line":226,"column":69}},"line":226},"11":{"name":"createPost","decl":{"start":{"line":260,"column":15},"end":{"line":260,"column":25}},"loc":{"start":{"line":260,"column":77},"end":{"line":298,"column":1}},"line":260},"12":{"name":"createBroadcast","decl":{"start":{"line":301,"column":15},"end":{"line":301,"column":30}},"loc":{"start":{"line":301,"column":83},"end":{"line":324,"column":1}},"line":301},"13":{"name":"deleteBroadcast","decl":{"start":{"line":326,"column":15},"end":{"line":326,"column":30}},"loc":{"start":{"line":326,"column":52},"end":{"line":345,"column":1}},"line":326},"14":{"name":"deletePost","decl":{"start":{"line":347,"column":15},"end":{"line":347,"column":25}},"loc":{"start":{"line":347,"column":38},"end":{"line":409,"column":3}},"line":347},"15":{"name":"(anonymous_15)","decl":{"start":{"line":359,"column":31},"end":{"line":359,"column":32}},"loc":{"start":{"line":359,"column":47},"end":{"line":367,"column":7}},"line":359},"16":{"name":"(anonymous_16)","decl":{"start":{"line":370,"column":34},"end":{"line":370,"column":35}},"loc":{"start":{"line":370,"column":56},"end":{"line":378,"column":7}},"line":370},"17":{"name":"(anonymous_17)","decl":{"start":{"line":381,"column":34},"end":{"line":381,"column":35}},"loc":{"start":{"line":381,"column":58},"end":{"line":388,"column":9}},"line":381}},"branchMap":{"0":{"loc":{"start":{"line":21,"column":4},"end":{"line":26,"column":5}},"type":"if","locations":[{"start":{"line":21,"column":4},"end":{"line":26,"column":5}},{"start":{"line":21,"column":4},"end":{"line":26,"column":5}}],"line":21},"1":{"loc":{"start":{"line":33,"column":4},"end":{"line":36,"column":103}},"type":"if","locations":[{"start":{"line":33,"column":4},"end":{"line":36,"column":103}},{"start":{"line":33,"column":4},"end":{"line":36,"column":103}}],"line":33},"2":{"loc":{"start":{"line":38,"column":4},"end":{"line":43,"column":5}},"type":"if","locations":[{"start":{"line":38,"column":4},"end":{"line":43,"column":5}},{"start":{"line":38,"column":4},"end":{"line":43,"column":5}}],"line":38},"3":{"loc":{"start":{"line":68,"column":4},"end":{"line":70,"column":5}},"type":"if","locations":[{"start":{"line":68,"column":4},"end":{"line":70,"column":5}},{"start":{"line":68,"column":4},"end":{"line":70,"column":5}}],"line":68},"4":{"loc":{"start":{"line":71,"column":4},"end":{"line":74,"column":5}},"type":"if","locations":[{"start":{"line":71,"column":4},"end":{"line":74,"column":5}},{"start":{"line":71,"column":4},"end":{"line":74,"column":5}}],"line":71},"5":{"loc":{"start":{"line":84,"column":8},"end":{"line":91,"column":9}},"type":"if","locations":[{"start":{"line":84,"column":8},"end":{"line":91,"column":9}},{"start":{"line":84,"column":8},"end":{"line":91,"column":9}}],"line":84},"6":{"loc":{"start":{"line":87,"column":12},"end":{"line":87,"column":81}},"type":"if","locations":[{"start":{"line":87,"column":12},"end":{"line":87,"column":81}},{"start":{"line":87,"column":12},"end":{"line":87,"column":81}}],"line":87},"7":{"loc":{"start":{"line":103,"column":4},"end":{"line":106,"column":5}},"type":"if","locations":[{"start":{"line":103,"column":4},"end":{"line":106,"column":5}},{"start":{"line":103,"column":4},"end":{"line":106,"column":5}}],"line":103},"8":{"loc":{"start":{"line":103,"column":8},"end":{"line":103,"column":47}},"type":"binary-expr","locations":[{"start":{"line":103,"column":8},"end":{"line":103,"column":25}},{"start":{"line":103,"column":29},"end":{"line":103,"column":47}}],"line":103},"9":{"loc":{"start":{"line":114,"column":22},"end":{"line":114,"column":45}},"type":"binary-expr","locations":[{"start":{"line":114,"column":22},"end":{"line":114,"column":31}},{"start":{"line":114,"column":35},"end":{"line":114,"column":45}}],"line":114},"10":{"loc":{"start":{"line":128,"column":8},"end":{"line":132,"column":9}},"type":"if","locations":[{"start":{"line":128,"column":8},"end":{"line":132,"column":9}},{"start":{"line":128,"column":8},"end":{"line":132,"column":9}}],"line":128},"11":{"loc":{"start":{"line":141,"column":4},"end":{"line":144,"column":5}},"type":"if","locations":[{"start":{"line":141,"column":4},"end":{"line":144,"column":5}},{"start":{"line":141,"column":4},"end":{"line":144,"column":5}}],"line":141},"12":{"loc":{"start":{"line":155,"column":4},"end":{"line":162,"column":5}},"type":"if","locations":[{"start":{"line":155,"column":4},"end":{"line":162,"column":5}},{"start":{"line":155,"column":4},"end":{"line":162,"column":5}}],"line":155},"13":{"loc":{"start":{"line":158,"column":8},"end":{"line":158,"column":76}},"type":"if","locations":[{"start":{"line":158,"column":8},"end":{"line":158,"column":76}},{"start":{"line":158,"column":8},"end":{"line":158,"column":76}}],"line":158},"14":{"loc":{"start":{"line":174,"column":4},"end":{"line":177,"column":5}},"type":"if","locations":[{"start":{"line":174,"column":4},"end":{"line":177,"column":5}},{"start":{"line":174,"column":4},"end":{"line":177,"column":5}}],"line":174},"15":{"loc":{"start":{"line":179,"column":4},"end":{"line":182,"column":5}},"type":"if","locations":[{"start":{"line":179,"column":4},"end":{"line":182,"column":5}},{"start":{"line":179,"column":4},"end":{"line":182,"column":5}}],"line":179},"16":{"loc":{"start":{"line":220,"column":4},"end":{"line":223,"column":5}},"type":"if","locations":[{"start":{"line":220,"column":4},"end":{"line":223,"column":5}},{"start":{"line":220,"column":4},"end":{"line":223,"column":5}}],"line":220},"17":{"loc":{"start":{"line":220,"column":8},"end":{"line":220,"column":42}},"type":"binary-expr","locations":[{"start":{"line":220,"column":8},"end":{"line":220,"column":22}},{"start":{"line":220,"column":26},"end":{"line":220,"column":42}}],"line":220},"18":{"loc":{"start":{"line":226,"column":4},"end":{"line":229,"column":5}},"type":"if","locations":[{"start":{"line":226,"column":4},"end":{"line":229,"column":5}},{"start":{"line":226,"column":4},"end":{"line":229,"column":5}}],"line":226},"19":{"loc":{"start":{"line":237,"column":4},"end":{"line":239,"column":5}},"type":"if","locations":[{"start":{"line":237,"column":4},"end":{"line":239,"column":5}},{"start":{"line":237,"column":4},"end":{"line":239,"column":5}}],"line":237},"20":{"loc":{"start":{"line":262,"column":4},"end":{"line":265,"column":5}},"type":"if","locations":[{"start":{"line":262,"column":4},"end":{"line":265,"column":5}},{"start":{"line":262,"column":4},"end":{"line":265,"column":5}}],"line":262},"21":{"loc":{"start":{"line":302,"column":4},"end":{"line":305,"column":5}},"type":"if","locations":[{"start":{"line":302,"column":4},"end":{"line":305,"column":5}},{"start":{"line":302,"column":4},"end":{"line":305,"column":5}}],"line":302},"22":{"loc":{"start":{"line":302,"column":8},"end":{"line":302,"column":41}},"type":"binary-expr","locations":[{"start":{"line":302,"column":8},"end":{"line":302,"column":21}},{"start":{"line":302,"column":25},"end":{"line":302,"column":41}}],"line":302},"23":{"loc":{"start":{"line":327,"column":4},"end":{"line":330,"column":5}},"type":"if","locations":[{"start":{"line":327,"column":4},"end":{"line":330,"column":5}},{"start":{"line":327,"column":4},"end":{"line":330,"column":5}}],"line":327},"24":{"loc":{"start":{"line":349,"column":4},"end":{"line":352,"column":5}},"type":"if","locations":[{"start":{"line":349,"column":4},"end":{"line":352,"column":5}},{"start":{"line":349,"column":4},"end":{"line":352,"column":5}}],"line":349}},"s":{"0":0,"1":0,"2":0,"3":0,"4":0,"5":0,"6":0,"7":0,"8":0,"9":0,"10":0,"11":0,"12":0,"13":0,"14":0,"15":0,"16":0,"17":0,"18":3,"19":3,"20":3,"21":1,"22":3,"23":0,"24":0,"25":3,"26":3,"27":3,"28":3,"29":3,"30":3,"31":3,"32":1,"33":3,"34":0,"35":0,"36":3,"37":3,"38":0,"39":0,"40":3,"41":3,"42":3,"43":3,"44":3,"45":3,"46":3,"47":0,"48":0,"49":3,"50":0,"51":0,"52":3,"53":3,"54":3,"55":3,"56":3,"57":3,"58":0,"59":3,"60":0,"61":0,"62":0,"63":0,"64":0,"65":0,"66":0,"67":0,"68":0,"69":0,"70":0,"71":0,"72":0,"73":0,"74":0,"75":0,"76":0,"77":0,"78":0,"79":0,"80":0,"81":0,"82":0,"83":0,"84":0,"85":0,"86":0,"87":0,"88":0,"89":0,"90":0,"91":0,"92":0,"93":0,"94":0,"95":0,"96":0,"97":0,"98":0,"99":0,"100":0,"101":0,"102":0,"103":0,"104":0,"105":0,"106":0,"107":0,"108":0,"109":0,"110":0,"111":0,"112":0,"113":0,"114":0,"115":0,"116":0,"117":0,"118":0,"119":0,"120":0,"121":0,"122":0,"123":0,"124":0,"125":0,"126":0,"127":0,"128":0,"129":0,"130":0,"131":0,"132":0},"f":{"0":0,"1":0,"2":0,"3":0,"4":0,"5":3,"6":3,"7":3,"8":0,"9":0,"10":0,"11":0,"12":0,"13":0,"14":0,"15":0,"16":0,"17":0},"b":{"0":[0,0],"1":[0,0],"2":[0,0],"3":[1,2],"4":[0,3],"5":[3,0],"6":[1,2],"7":[0,3],"8":[3,3],"9":[3,3],"10":[3,0],"11":[0,3],"12":[3,0],"13":[0,3],"14":[0,0],"15":[0,0],"16":[0,0],"17":[0,0],"18":[0,0],"19":[0,0],"20":[0,0],"21":[0,0],"22":[0,0],"23":[0,0],"24":[0,0]},"_coverageSchema":"43e27e138ebf9cfc5966b082cf9a028302ed4184","hash":"2f6028dcb8b1fe8b200eb4be8f6ad379e5cb52cc"}
,"/usr/local/code/cma/cma-app/graphql/mutations.ts": {"path":"/usr/local/code/cma/cma-app/graphql/mutations.ts","statementMap":{"0":{"start":{"line":5,"column":43},"end":{"line":84,"column":1}},"1":{"start":{"line":86,"column":38},"end":{"line":164,"column":1}},"2":{"start":{"line":166,"column":40},"end":{"line":243,"column":1}},"3":{"start":{"line":246,"column":45},"end":{"line":294,"column":1}},"4":{"start":{"line":296,"column":40},"end":{"line":343,"column":1}},"5":{"start":{"line":345,"column":40},"end":{"line":392,"column":1}},"6":{"start":{"line":393,"column":40},"end":{"line":406,"column":1}},"7":{"start":{"line":407,"column":40},"end":{"line":422,"column":1}},"8":{"start":{"line":423,"column":40},"end":{"line":438,"column":1}},"9":{"start":{"line":439,"column":40},"end":{"line":454,"column":1}},"10":{"start":{"line":455,"column":43},"end":{"line":470,"column":1}},"11":{"start":{"line":471,"column":43},"end":{"line":486,"column":1}},"12":{"start":{"line":487,"column":43},"end":{"line":502,"column":1}},"13":{"start":{"line":503,"column":41},"end":{"line":515,"column":1}},"14":{"start":{"line":516,"column":41},"end":{"line":528,"column":1}},"15":{"start":{"line":529,"column":41},"end":{"line":541,"column":1}},"16":{"start":{"line":542,"column":40},"end":{"line":559,"column":1}},"17":{"start":{"line":560,"column":40},"end":{"line":578,"column":1}},"18":{"start":{"line":579,"column":40},"end":{"line":596,"column":1}},"19":{"start":{"line":597,"column":43},"end":{"line":611,"column":1}},"20":{"start":{"line":612,"column":43},"end":{"line":626,"column":1}},"21":{"start":{"line":627,"column":43},"end":{"line":641,"column":1}},"22":{"start":{"line":642,"column":47},"end":{"line":659,"column":1}},"23":{"start":{"line":660,"column":47},"end":{"line":673,"column":1}},"24":{"start":{"line":674,"column":47},"end":{"line":687,"column":1}},"25":{"start":{"line":688,"column":45},"end":{"line":796,"column":1}},"26":{"start":{"line":797,"column":45},"end":{"line":905,"column":1}},"27":{"start":{"line":906,"column":45},"end":{"line":1014,"column":1}}},"fnMap":{},"branchMap":{},"s":{"0":1,"1":1,"2":1,"3":1,"4":1,"5":1,"6":1,"7":1,"8":1,"9":1,"10":1,"11":1,"12":1,"13":1,"14":1,"15":1,"16":1,"17":1,"18":1,"19":1,"20":1,"21":1,"22":1,"23":1,"24":1,"25":1,"26":1,"27":1},"f":{},"b":{},"_coverageSchema":"43e27e138ebf9cfc5966b082cf9a028302ed4184","hash":"0245cb3d33d1692906bc0d60004f88d988e26b7c"}
,"/usr/local/code/cma/cma-app/graphql/queries.ts": {"path":"/usr/local/code/cma/cma-app/graphql/queries.ts","statementMap":{"0":{"start":{"line":9,"column":37},"end":{"line":52,"column":1}},"1":{"start":{"line":53,"column":39},"end":{"line":103,"column":1}},"2":{"start":{"line":104,"column":44},"end":{"line":126,"column":1}},"3":{"start":{"line":128,"column":46},"end":{"line":212,"column":1}},"4":{"start":{"line":213,"column":37},"end":{"line":257,"column":1}},"5":{"start":{"line":258,"column":39},"end":{"line":279,"column":1}},"6":{"start":{"line":280,"column":44},"end":{"line":302,"column":1}},"7":{"start":{"line":303,"column":40},"end":{"line":320,"column":1}},"8":{"start":{"line":322,"column":47},"end":{"line":347,"column":1}},"9":{"start":{"line":348,"column":42},"end":{"line":377,"column":1}},"10":{"start":{"line":378,"column":44},"end":{"line":388,"column":1}},"11":{"start":{"line":389,"column":46},"end":{"line":414,"column":1}},"12":{"start":{"line":415,"column":42},"end":{"line":507,"column":1}},"13":{"start":{"line":508,"column":44},"end":{"line":556,"column":1}},"14":{"start":{"line":557,"column":45},"end":{"line":614,"column":1}},"15":{"start":{"line":616,"column":45},"end":{"line":645,"column":1}},"16":{"start":{"line":646,"column":47},"end":{"line":675,"column":1}},"17":{"start":{"line":676,"column":48},"end":{"line":714,"column":1}},"18":{"start":{"line":715,"column":50},"end":{"line":747,"column":1}},"19":{"start":{"line":748,"column":47},"end":{"line":775,"column":1}},"20":{"start":{"line":776,"column":47},"end":{"line":811,"column":1}},"21":{"start":{"line":812,"column":48},"end":{"line":845,"column":1}},"22":{"start":{"line":846,"column":52},"end":{"line":910,"column":1}}},"fnMap":{},"branchMap":{},"s":{"0":1,"1":1,"2":1,"3":1,"4":1,"5":1,"6":1,"7":1,"8":1,"9":1,"10":1,"11":1,"12":1,"13":1,"14":1,"15":1,"16":1,"17":1,"18":1,"19":1,"20":1,"21":1,"22":1},"f":{},"b":{},"_coverageSchema":"43e27e138ebf9cfc5966b082cf9a028302ed4184","hash":"b9742464a3f75c389ce24411bd76abe1a99af1f6"}
,"/usr/local/code/cma/cma-app/graphql/subscriptions-bck-fail.ts": {"path":"/usr/local/code/cma/cma-app/graphql/subscriptions-bck-fail.ts","statementMap":{"0":{"start":{"line":5,"column":48},"end":{"line":59,"column":1}},"1":{"start":{"line":60,"column":57},"end":{"line":121,"column":1}},"2":{"start":{"line":122,"column":42},"end":{"line":193,"column":1}},"3":{"start":{"line":194,"column":42},"end":{"line":265,"column":1}},"4":{"start":{"line":266,"column":42},"end":{"line":337,"column":1}},"5":{"start":{"line":338,"column":42},"end":{"line":373,"column":1}},"6":{"start":{"line":374,"column":42},"end":{"line":409,"column":1}},"7":{"start":{"line":410,"column":42},"end":{"line":445,"column":1}},"8":{"start":{"line":446,"column":45},"end":{"line":481,"column":1}},"9":{"start":{"line":482,"column":45},"end":{"line":517,"column":1}},"10":{"start":{"line":518,"column":45},"end":{"line":553,"column":1}},"11":{"start":{"line":554,"column":43},"end":{"line":566,"column":1}},"12":{"start":{"line":567,"column":43},"end":{"line":579,"column":1}},"13":{"start":{"line":580,"column":43},"end":{"line":592,"column":1}},"14":{"start":{"line":593,"column":42},"end":{"line":642,"column":1}},"15":{"start":{"line":643,"column":42},"end":{"line":692,"column":1}},"16":{"start":{"line":693,"column":42},"end":{"line":742,"column":1}},"17":{"start":{"line":743,"column":45},"end":{"line":800,"column":1}},"18":{"start":{"line":801,"column":45},"end":{"line":858,"column":1}},"19":{"start":{"line":859,"column":45},"end":{"line":916,"column":1}},"20":{"start":{"line":917,"column":49},"end":{"line":978,"column":1}},"21":{"start":{"line":979,"column":49},"end":{"line":1040,"column":1}},"22":{"start":{"line":1041,"column":49},"end":{"line":1102,"column":1}},"23":{"start":{"line":1103,"column":47},"end":{"line":1195,"column":1}},"24":{"start":{"line":1196,"column":47},"end":{"line":1288,"column":1}},"25":{"start":{"line":1289,"column":47},"end":{"line":1381,"column":1}}},"fnMap":{},"branchMap":{},"s":{"0":1,"1":1,"2":1,"3":1,"4":1,"5":1,"6":1,"7":1,"8":1,"9":1,"10":1,"11":1,"12":1,"13":1,"14":1,"15":1,"16":1,"17":1,"18":1,"19":1,"20":1,"21":1,"22":1,"23":1,"24":1,"25":1},"f":{},"b":{},"_coverageSchema":"43e27e138ebf9cfc5966b082cf9a028302ed4184","hash":"c241aae409d99dca11d67da7ee75f91823e5673b"}
,"/usr/local/code/cma/cma-app/models/index.js": {"path":"/usr/local/code/cma/cma-app/models/index.js","statementMap":{"0":{"start":{"line":7,"column":138},"end":{"line":7,"column":156}}},"fnMap":{},"branchMap":{},"s":{"0":1},"f":{},"b":{},"_coverageSchema":"43e27e138ebf9cfc5966b082cf9a028302ed4184","hash":"59576d0da7179a6145772764332b89188b439872"}
,"/usr/local/code/cma/cma-app/models/schema.js": {"path":"/usr/local/code/cma/cma-app/models/schema.js","statementMap":{"0":{"start":{"line":1,"column":22},"end":{"line":654,"column":1}}},"fnMap":{},"branchMap":{},"s":{"0":1},"f":{},"b":{},"_coverageSchema":"43e27e138ebf9cfc5966b082cf9a028302ed4184","hash":"2e0b20fdbe3f9db10a24ac106402a1c68a1d0352"}
,"/usr/local/code/cma/cma-app/reducers/CombinedReducers.ts": {"path":"/usr/local/code/cma/cma-app/reducers/CombinedReducers.ts","statementMap":{"0":{"start":{"line":11,"column":26},"end":{"line":17,"column":1}},"1":{"start":{"line":19,"column":24},"end":{"line":25,"column":1}},"2":{"start":{"line":27,"column":39},"end":{"line":50,"column":1}},"3":{"start":{"line":55,"column":23},"end":{"line":361,"column":1}},"4":{"start":{"line":56,"column":2},"end":{"line":56,"column":64}},"5":{"start":{"line":57,"column":28},"end":{"line":57,"column":38}},"6":{"start":{"line":59,"column":2},"end":{"line":360,"column":3}},"7":{"start":{"line":62,"column":6},"end":{"line":62,"column":58}},"8":{"start":{"line":63,"column":6},"end":{"line":63,"column":60}},"9":{"start":{"line":64,"column":6},"end":{"line":64,"column":57}},"10":{"start":{"line":65,"column":6},"end":{"line":65,"column":63}},"11":{"start":{"line":66,"column":42},"end":{"line":66,"column":79}},"12":{"start":{"line":67,"column":6},"end":{"line":67,"column":46}},"13":{"start":{"line":68,"column":6},"end":{"line":68,"column":41}},"14":{"start":{"line":69,"column":6},"end":{"line":69,"column":22}},"15":{"start":{"line":70,"column":6},"end":{"line":70,"column":12}},"16":{"start":{"line":72,"column":6},"end":{"line":72,"column":47}},"17":{"start":{"line":73,"column":6},"end":{"line":73,"column":24}},"18":{"start":{"line":74,"column":6},"end":{"line":74,"column":21}},"19":{"start":{"line":77,"column":6},"end":{"line":77,"column":42}},"20":{"start":{"line":78,"column":6},"end":{"line":78,"column":22}},"21":{"start":{"line":82,"column":6},"end":{"line":82,"column":74}},"22":{"start":{"line":83,"column":6},"end":{"line":83,"column":57}},"23":{"start":{"line":84,"column":6},"end":{"line":84,"column":45}},"24":{"start":{"line":85,"column":42},"end":{"line":85,"column":79}},"25":{"start":{"line":86,"column":6},"end":{"line":86,"column":40}},"26":{"start":{"line":87,"column":6},"end":{"line":87,"column":41}},"27":{"start":{"line":89,"column":6},"end":{"line":89,"column":22}},"28":{"start":{"line":90,"column":6},"end":{"line":90,"column":12}},"29":{"start":{"line":94,"column":6},"end":{"line":94,"column":37}},"30":{"start":{"line":96,"column":6},"end":{"line":96,"column":22}},"31":{"start":{"line":97,"column":6},"end":{"line":97,"column":12}},"32":{"start":{"line":99,"column":6},"end":{"line":99,"column":45}},"33":{"start":{"line":100,"column":6},"end":{"line":100,"column":21}},"34":{"start":{"line":101,"column":6},"end":{"line":101,"column":12}},"35":{"start":{"line":104,"column":28},"end":{"line":104,"column":55}},"36":{"start":{"line":105,"column":6},"end":{"line":105,"column":45}},"37":{"start":{"line":106,"column":27},"end":{"line":106,"column":53}},"38":{"start":{"line":107,"column":6},"end":{"line":107,"column":50}},"39":{"start":{"line":109,"column":42},"end":{"line":109,"column":79}},"40":{"start":{"line":110,"column":6},"end":{"line":110,"column":41}},"41":{"start":{"line":111,"column":6},"end":{"line":111,"column":41}},"42":{"start":{"line":113,"column":6},"end":{"line":113,"column":44}},"43":{"start":{"line":114,"column":6},"end":{"line":114,"column":43}},"44":{"start":{"line":115,"column":6},"end":{"line":115,"column":22}},"45":{"start":{"line":116,"column":6},"end":{"line":116,"column":12}},"46":{"start":{"line":119,"column":6},"end":{"line":119,"column":49}},"47":{"start":{"line":120,"column":6},"end":{"line":120,"column":56}},"48":{"start":{"line":121,"column":6},"end":{"line":121,"column":40}},"49":{"start":{"line":122,"column":6},"end":{"line":122,"column":56}},"50":{"start":{"line":123,"column":6},"end":{"line":123,"column":54}},"51":{"start":{"line":124,"column":6},"end":{"line":124,"column":68}},"52":{"start":{"line":125,"column":6},"end":{"line":125,"column":25}},"53":{"start":{"line":127,"column":6},"end":{"line":127,"column":22}},"54":{"start":{"line":128,"column":6},"end":{"line":128,"column":12}},"55":{"start":{"line":131,"column":6},"end":{"line":131,"column":42}},"56":{"start":{"line":132,"column":6},"end":{"line":134,"column":7}},"57":{"start":{"line":133,"column":8},"end":{"line":133,"column":39}},"58":{"start":{"line":135,"column":6},"end":{"line":135,"column":22}},"59":{"start":{"line":136,"column":6},"end":{"line":136,"column":12}},"60":{"start":{"line":139,"column":41},"end":{"line":139,"column":61}},"61":{"start":{"line":140,"column":6},"end":{"line":140,"column":44}},"62":{"start":{"line":142,"column":6},"end":{"line":142,"column":59}},"63":{"start":{"line":143,"column":6},"end":{"line":143,"column":22}},"64":{"start":{"line":144,"column":6},"end":{"line":144,"column":12}},"65":{"start":{"line":148,"column":6},"end":{"line":148,"column":58}},"66":{"start":{"line":149,"column":6},"end":{"line":149,"column":32}},"67":{"start":{"line":150,"column":6},"end":{"line":150,"column":22}},"68":{"start":{"line":151,"column":6},"end":{"line":151,"column":12}},"69":{"start":{"line":153,"column":6},"end":{"line":153,"column":58}},"70":{"start":{"line":154,"column":6},"end":{"line":154,"column":33}},"71":{"start":{"line":155,"column":6},"end":{"line":155,"column":22}},"72":{"start":{"line":156,"column":6},"end":{"line":156,"column":12}},"73":{"start":{"line":159,"column":8},"end":{"line":159,"column":58}},"74":{"start":{"line":161,"column":8},"end":{"line":161,"column":24}},"75":{"start":{"line":162,"column":8},"end":{"line":162,"column":14}},"76":{"start":{"line":165,"column":6},"end":{"line":165,"column":43}},"77":{"start":{"line":166,"column":6},"end":{"line":166,"column":22}},"78":{"start":{"line":167,"column":6},"end":{"line":167,"column":12}},"79":{"start":{"line":169,"column":6},"end":{"line":169,"column":88}},"80":{"start":{"line":170,"column":6},"end":{"line":174,"column":7}},"81":{"start":{"line":171,"column":8},"end":{"line":171,"column":84}},"82":{"start":{"line":172,"column":8},"end":{"line":172,"column":21}},"83":{"start":{"line":173,"column":8},"end":{"line":173,"column":14}},"84":{"start":{"line":175,"column":42},"end":{"line":175,"column":79}},"85":{"start":{"line":176,"column":36},"end":{"line":176,"column":71}},"86":{"start":{"line":177,"column":6},"end":{"line":177,"column":43}},"87":{"start":{"line":178,"column":6},"end":{"line":178,"column":53}},"88":{"start":{"line":179,"column":6},"end":{"line":179,"column":41}},"89":{"start":{"line":180,"column":6},"end":{"line":180,"column":22}},"90":{"start":{"line":181,"column":6},"end":{"line":181,"column":12}},"91":{"start":{"line":185,"column":19},"end":{"line":185,"column":81}},"92":{"start":{"line":185,"column":47},"end":{"line":185,"column":80}},"93":{"start":{"line":186,"column":23},"end":{"line":186,"column":39}},"94":{"start":{"line":187,"column":6},"end":{"line":187,"column":46}},"95":{"start":{"line":188,"column":6},"end":{"line":188,"column":42}},"96":{"start":{"line":190,"column":6},"end":{"line":190,"column":21}},"97":{"start":{"line":194,"column":19},"end":{"line":194,"column":81}},"98":{"start":{"line":194,"column":47},"end":{"line":194,"column":80}},"99":{"start":{"line":195,"column":24},"end":{"line":195,"column":102}},"100":{"start":{"line":195,"column":67},"end":{"line":195,"column":101}},"101":{"start":{"line":196,"column":6},"end":{"line":196,"column":43}},"102":{"start":{"line":197,"column":6},"end":{"line":197,"column":42}},"103":{"start":{"line":201,"column":6},"end":{"line":201,"column":21}},"104":{"start":{"line":205,"column":6},"end":{"line":208,"column":7}},"105":{"start":{"line":206,"column":8},"end":{"line":206,"column":84}},"106":{"start":{"line":207,"column":8},"end":{"line":207,"column":21}},"107":{"start":{"line":209,"column":6},"end":{"line":209,"column":88}},"108":{"start":{"line":210,"column":42},"end":{"line":210,"column":79}},"109":{"start":{"line":211,"column":36},"end":{"line":211,"column":76}},"110":{"start":{"line":212,"column":6},"end":{"line":214,"column":8}},"111":{"start":{"line":213,"column":8},"end":{"line":213,"column":78}},"112":{"start":{"line":215,"column":6},"end":{"line":215,"column":53}},"113":{"start":{"line":216,"column":6},"end":{"line":216,"column":41}},"114":{"start":{"line":217,"column":6},"end":{"line":217,"column":22}},"115":{"start":{"line":220,"column":6},"end":{"line":223,"column":7}},"116":{"start":{"line":221,"column":8},"end":{"line":221,"column":84}},"117":{"start":{"line":222,"column":8},"end":{"line":222,"column":21}},"118":{"start":{"line":224,"column":44},"end":{"line":224,"column":81}},"119":{"start":{"line":225,"column":36},"end":{"line":225,"column":71}},"120":{"start":{"line":226,"column":6},"end":{"line":226,"column":83}},"121":{"start":{"line":226,"column":48},"end":{"line":226,"column":82}},"122":{"start":{"line":227,"column":6},"end":{"line":227,"column":54}},"123":{"start":{"line":228,"column":6},"end":{"line":228,"column":41}},"124":{"start":{"line":229,"column":6},"end":{"line":229,"column":21}},"125":{"start":{"line":247,"column":6},"end":{"line":247,"column":78}},"126":{"start":{"line":248,"column":34},"end":{"line":248,"column":53}},"127":{"start":{"line":250,"column":6},"end":{"line":250,"column":38}},"128":{"start":{"line":251,"column":6},"end":{"line":251,"column":35}},"129":{"start":{"line":252,"column":6},"end":{"line":252,"column":22}},"130":{"start":{"line":255,"column":22},"end":{"line":255,"column":76}},"131":{"start":{"line":255,"column":50},"end":{"line":255,"column":75}},"132":{"start":{"line":256,"column":8},"end":{"line":256,"column":31}},"133":{"start":{"line":257,"column":8},"end":{"line":257,"column":24}},"134":{"start":{"line":259,"column":8},"end":{"line":259,"column":76}},"135":{"start":{"line":260,"column":34},"end":{"line":260,"column":53}},"136":{"start":{"line":261,"column":8},"end":{"line":261,"column":76}},"137":{"start":{"line":261,"column":50},"end":{"line":261,"column":75}},"138":{"start":{"line":262,"column":8},"end":{"line":262,"column":40}},"139":{"start":{"line":263,"column":8},"end":{"line":263,"column":37}},"140":{"start":{"line":264,"column":8},"end":{"line":264,"column":24}},"141":{"start":{"line":267,"column":6},"end":{"line":267,"column":58}},"142":{"start":{"line":269,"column":6},"end":{"line":269,"column":22}},"143":{"start":{"line":272,"column":8},"end":{"line":272,"column":56}},"144":{"start":{"line":273,"column":8},"end":{"line":273,"column":32}},"145":{"start":{"line":274,"column":8},"end":{"line":274,"column":24}},"146":{"start":{"line":277,"column":6},"end":{"line":277,"column":54}},"147":{"start":{"line":278,"column":6},"end":{"line":278,"column":31}},"148":{"start":{"line":279,"column":6},"end":{"line":279,"column":22}},"149":{"start":{"line":282,"column":6},"end":{"line":282,"column":48}},"150":{"start":{"line":283,"column":6},"end":{"line":283,"column":64}},"151":{"start":{"line":284,"column":6},"end":{"line":284,"column":22}},"152":{"start":{"line":287,"column":18},"end":{"line":287,"column":40}},"153":{"start":{"line":288,"column":6},"end":{"line":288,"column":27}},"154":{"start":{"line":289,"column":6},"end":{"line":289,"column":30}},"155":{"start":{"line":291,"column":29},"end":{"line":291,"column":56}},"156":{"start":{"line":292,"column":6},"end":{"line":292,"column":45}},"157":{"start":{"line":293,"column":6},"end":{"line":293,"column":39}},"158":{"start":{"line":295,"column":6},"end":{"line":295,"column":22}},"159":{"start":{"line":298,"column":21},"end":{"line":298,"column":43}},"160":{"start":{"line":300,"column":6},"end":{"line":303,"column":9}},"161":{"start":{"line":302,"column":8},"end":{"line":302,"column":42}},"162":{"start":{"line":305,"column":24},"end":{"line":305,"column":51}},"163":{"start":{"line":306,"column":6},"end":{"line":306,"column":48}},"164":{"start":{"line":307,"column":6},"end":{"line":307,"column":42}},"165":{"start":{"line":308,"column":6},"end":{"line":308,"column":22}},"166":{"start":{"line":311,"column":6},"end":{"line":311,"column":36}},"167":{"start":{"line":312,"column":6},"end":{"line":312,"column":46}},"168":{"start":{"line":313,"column":6},"end":{"line":313,"column":49}},"169":{"start":{"line":314,"column":6},"end":{"line":314,"column":59}},"170":{"start":{"line":315,"column":6},"end":{"line":315,"column":57}},"171":{"start":{"line":316,"column":6},"end":{"line":316,"column":35}},"172":{"start":{"line":318,"column":6},"end":{"line":318,"column":24}},"173":{"start":{"line":320,"column":6},"end":{"line":320,"column":22}},"174":{"start":{"line":324,"column":8},"end":{"line":324,"column":27}},"175":{"start":{"line":325,"column":8},"end":{"line":325,"column":21}},"176":{"start":{"line":327,"column":6},"end":{"line":327,"column":50}},"177":{"start":{"line":330,"column":6},"end":{"line":330,"column":50}},"178":{"start":{"line":333,"column":6},"end":{"line":333,"column":48}},"179":{"start":{"line":336,"column":6},"end":{"line":336,"column":51}},"180":{"start":{"line":340,"column":6},"end":{"line":340,"column":35}},"181":{"start":{"line":342,"column":6},"end":{"line":342,"column":22}},"182":{"start":{"line":344,"column":6},"end":{"line":344,"column":42}},"183":{"start":{"line":346,"column":6},"end":{"line":346,"column":22}},"184":{"start":{"line":348,"column":6},"end":{"line":348,"column":40}},"185":{"start":{"line":349,"column":6},"end":{"line":349,"column":22}},"186":{"start":{"line":351,"column":6},"end":{"line":351,"column":48}},"187":{"start":{"line":352,"column":6},"end":{"line":352,"column":22}},"188":{"start":{"line":354,"column":6},"end":{"line":354,"column":46}},"189":{"start":{"line":356,"column":6},"end":{"line":356,"column":22}},"190":{"start":{"line":358,"column":6},"end":{"line":358,"column":19}},"191":{"start":{"line":367,"column":21},"end":{"line":367,"column":44}},"192":{"start":{"line":373,"column":15},"end":{"line":373,"column":32}},"193":{"start":{"line":388,"column":2},"end":{"line":388,"column":20}},"194":{"start":{"line":391,"column":2},"end":{"line":391,"column":15}},"195":{"start":{"line":395,"column":2},"end":{"line":395,"column":38}},"196":{"start":{"line":396,"column":2},"end":{"line":396,"column":30}},"197":{"start":{"line":398,"column":2},"end":{"line":398,"column":15}},"198":{"start":{"line":403,"column":2},"end":{"line":403,"column":31}},"199":{"start":{"line":404,"column":2},"end":{"line":404,"column":32}},"200":{"start":{"line":406,"column":2},"end":{"line":406,"column":15}},"201":{"start":{"line":410,"column":2},"end":{"line":410,"column":32}},"202":{"start":{"line":411,"column":2},"end":{"line":411,"column":38}},"203":{"start":{"line":414,"column":2},"end":{"line":414,"column":15}},"204":{"start":{"line":422,"column":19},"end":{"line":422,"column":52}},"205":{"start":{"line":423,"column":13},"end":{"line":423,"column":22}},"206":{"start":{"line":424,"column":2},"end":{"line":436,"column":3}},"207":{"start":{"line":425,"column":4},"end":{"line":428,"column":6}},"208":{"start":{"line":426,"column":6},"end":{"line":427,"column":65}},"209":{"start":{"line":430,"column":17},"end":{"line":430,"column":19}},"210":{"start":{"line":431,"column":4},"end":{"line":432,"column":32}},"211":{"start":{"line":432,"column":6},"end":{"line":432,"column":32}},"212":{"start":{"line":433,"column":4},"end":{"line":434,"column":63}},"213":{"start":{"line":434,"column":6},"end":{"line":434,"column":63}},"214":{"start":{"line":435,"column":4},"end":{"line":435,"column":32}},"215":{"start":{"line":438,"column":17},"end":{"line":438,"column":43}},"216":{"start":{"line":446,"column":2},"end":{"line":446,"column":29}},"217":{"start":{"line":447,"column":19},"end":{"line":447,"column":50}},"218":{"start":{"line":449,"column":13},"end":{"line":449,"column":22}},"219":{"start":{"line":450,"column":22},"end":{"line":450,"column":24}},"220":{"start":{"line":452,"column":3},"end":{"line":452,"column":77}},"221":{"start":{"line":452,"column":36},"end":{"line":452,"column":75}},"222":{"start":{"line":454,"column":2},"end":{"line":474,"column":3}},"223":{"start":{"line":455,"column":4},"end":{"line":467,"column":5}},"224":{"start":{"line":457,"column":6},"end":{"line":460,"column":8}},"225":{"start":{"line":458,"column":8},"end":{"line":459,"column":38}},"226":{"start":{"line":463,"column":6},"end":{"line":466,"column":8}},"227":{"start":{"line":469,"column":19},"end":{"line":469,"column":45}},"228":{"start":{"line":473,"column":4},"end":{"line":473,"column":50}}},"fnMap":{"0":{"name":"logState","decl":{"start":{"line":52,"column":9},"end":{"line":52,"column":17}},"loc":{"start":{"line":52,"column":24},"end":{"line":54,"column":1}},"line":52},"1":{"name":"(anonymous_1)","decl":{"start":{"line":55,"column":23},"end":{"line":55,"column":24}},"loc":{"start":{"line":55,"column":75},"end":{"line":361,"column":1}},"line":55},"2":{"name":"(anonymous_2)","decl":{"start":{"line":185,"column":41},"end":{"line":185,"column":42}},"loc":{"start":{"line":185,"column":47},"end":{"line":185,"column":80}},"line":185},"3":{"name":"(anonymous_3)","decl":{"start":{"line":194,"column":41},"end":{"line":194,"column":42}},"loc":{"start":{"line":194,"column":47},"end":{"line":194,"column":80}},"line":194},"4":{"name":"(anonymous_4)","decl":{"start":{"line":195,"column":56},"end":{"line":195,"column":57}},"loc":{"start":{"line":195,"column":67},"end":{"line":195,"column":101}},"line":195},"5":{"name":"(anonymous_5)","decl":{"start":{"line":212,"column":34},"end":{"line":212,"column":35}},"loc":{"start":{"line":212,"column":45},"end":{"line":214,"column":7}},"line":212},"6":{"name":"(anonymous_6)","decl":{"start":{"line":226,"column":37},"end":{"line":226,"column":38}},"loc":{"start":{"line":226,"column":48},"end":{"line":226,"column":82}},"line":226},"7":{"name":"(anonymous_7)","decl":{"start":{"line":255,"column":44},"end":{"line":255,"column":45}},"loc":{"start":{"line":255,"column":50},"end":{"line":255,"column":75}},"line":255},"8":{"name":"(anonymous_8)","decl":{"start":{"line":261,"column":44},"end":{"line":261,"column":45}},"loc":{"start":{"line":261,"column":50},"end":{"line":261,"column":75}},"line":261},"9":{"name":"(anonymous_9)","decl":{"start":{"line":300,"column":40},"end":{"line":300,"column":41}},"loc":{"start":{"line":300,"column":50},"end":{"line":303,"column":7}},"line":300},"10":{"name":"resetDataStore","decl":{"start":{"line":364,"column":15},"end":{"line":364,"column":29}},"loc":{"start":{"line":364,"column":31},"end":{"line":370,"column":1}},"line":364},"11":{"name":"syncPostWithDS","decl":{"start":{"line":372,"column":9},"end":{"line":372,"column":23}},"loc":{"start":{"line":372,"column":45},"end":{"line":392,"column":1}},"line":372},"12":{"name":"syncPrefWithDS","decl":{"start":{"line":394,"column":9},"end":{"line":394,"column":23}},"loc":{"start":{"line":394,"column":41},"end":{"line":399,"column":1}},"line":394},"13":{"name":"syncMeetings","decl":{"start":{"line":401,"column":9},"end":{"line":401,"column":21}},"loc":{"start":{"line":401,"column":41},"end":{"line":407,"column":1}},"line":401},"14":{"name":"syncAuthWithDS","decl":{"start":{"line":409,"column":9},"end":{"line":409,"column":23}},"loc":{"start":{"line":409,"column":41},"end":{"line":415,"column":1}},"line":409},"15":{"name":"saveAuth","decl":{"start":{"line":419,"column":15},"end":{"line":419,"column":23}},"loc":{"start":{"line":419,"column":30},"end":{"line":440,"column":1}},"line":419},"16":{"name":"(anonymous_16)","decl":{"start":{"line":425,"column":42},"end":{"line":425,"column":43}},"loc":{"start":{"line":425,"column":53},"end":{"line":428,"column":5}},"line":425},"17":{"name":"saveMeetings","decl":{"start":{"line":445,"column":15},"end":{"line":445,"column":27}},"loc":{"start":{"line":445,"column":34},"end":{"line":475,"column":1}},"line":445},"18":{"name":"(anonymous_18)","decl":{"start":{"line":452,"column":26},"end":{"line":452,"column":27}},"loc":{"start":{"line":452,"column":35},"end":{"line":452,"column":76}},"line":452},"19":{"name":"(anonymous_19)","decl":{"start":{"line":457,"column":42},"end":{"line":457,"column":43}},"loc":{"start":{"line":457,"column":53},"end":{"line":460,"column":7}},"line":457}},"branchMap":{"0":{"loc":{"start":{"line":55,"column":24},"end":{"line":55,"column":45}},"type":"default-arg","locations":[{"start":{"line":55,"column":32},"end":{"line":55,"column":45}}],"line":55},"1":{"loc":{"start":{"line":59,"column":2},"end":{"line":360,"column":3}},"type":"switch","locations":[{"start":{"line":61,"column":4},"end":{"line":70,"column":12}},{"start":{"line":71,"column":4},"end":{"line":74,"column":21}},{"start":{"line":76,"column":4},"end":{"line":79,"column":5}},{"start":{"line":81,"column":4},"end":{"line":91,"column":5}},{"start":{"line":92,"column":4},"end":{"line":97,"column":12}},{"start":{"line":98,"column":4},"end":{"line":101,"column":12}},{"start":{"line":103,"column":4},"end":{"line":117,"column":5}},{"start":{"line":118,"column":4},"end":{"line":128,"column":12}},{"start":{"line":130,"column":4},"end":{"line":136,"column":12}},{"start":{"line":138,"column":4},"end":{"line":144,"column":12}},{"start":{"line":147,"column":4},"end":{"line":151,"column":12}},{"start":{"line":152,"column":4},"end":{"line":156,"column":12}},{"start":{"line":158,"column":4},"end":{"line":162,"column":14}},{"start":{"line":164,"column":4},"end":{"line":167,"column":12}},{"start":{"line":168,"column":4},"end":{"line":182,"column":5}},{"start":{"line":184,"column":4},"end":{"line":191,"column":5}},{"start":{"line":193,"column":4},"end":{"line":202,"column":5}},{"start":{"line":204,"column":4},"end":{"line":218,"column":5}},{"start":{"line":219,"column":4},"end":{"line":231,"column":5}},{"start":{"line":246,"column":4},"end":{"line":252,"column":22}},{"start":{"line":254,"column":4},"end":{"line":257,"column":24}},{"start":{"line":258,"column":4},"end":{"line":264,"column":24}},{"start":{"line":266,"column":4},"end":{"line":269,"column":22}},{"start":{"line":271,"column":4},"end":{"line":274,"column":24}},{"start":{"line":276,"column":4},"end":{"line":279,"column":22}},{"start":{"line":281,"column":4},"end":{"line":284,"column":22}},{"start":{"line":286,"column":4},"end":{"line":295,"column":22}},{"start":{"line":297,"column":4},"end":{"line":308,"column":22}},{"start":{"line":310,"column":4},"end":{"line":320,"column":22}},{"start":{"line":323,"column":4},"end":{"line":325,"column":21}},{"start":{"line":326,"column":4},"end":{"line":327,"column":50}},{"start":{"line":329,"column":4},"end":{"line":330,"column":50}},{"start":{"line":332,"column":4},"end":{"line":333,"column":48}},{"start":{"line":335,"column":4},"end":{"line":336,"column":51}},{"start":{"line":339,"column":4},"end":{"line":342,"column":22}},{"start":{"line":343,"column":4},"end":{"line":346,"column":22}},{"start":{"line":347,"column":4},"end":{"line":349,"column":22}},{"start":{"line":350,"column":4},"end":{"line":352,"column":22}},{"start":{"line":353,"column":4},"end":{"line":356,"column":22}},{"start":{"line":357,"column":4},"end":{"line":358,"column":19}}],"line":59},"2":{"loc":{"start":{"line":132,"column":6},"end":{"line":134,"column":7}},"type":"if","locations":[{"start":{"line":132,"column":6},"end":{"line":134,"column":7}},{"start":{"line":132,"column":6},"end":{"line":134,"column":7}}],"line":132},"3":{"loc":{"start":{"line":132,"column":9},"end":{"line":132,"column":62}},"type":"binary-expr","locations":[{"start":{"line":132,"column":9},"end":{"line":132,"column":33}},{"start":{"line":132,"column":37},"end":{"line":132,"column":62}}],"line":132},"4":{"loc":{"start":{"line":170,"column":6},"end":{"line":174,"column":7}},"type":"if","locations":[{"start":{"line":170,"column":6},"end":{"line":174,"column":7}},{"start":{"line":170,"column":6},"end":{"line":174,"column":7}}],"line":170},"5":{"loc":{"start":{"line":205,"column":6},"end":{"line":208,"column":7}},"type":"if","locations":[{"start":{"line":205,"column":6},"end":{"line":208,"column":7}},{"start":{"line":205,"column":6},"end":{"line":208,"column":7}}],"line":205},"6":{"loc":{"start":{"line":213,"column":15},"end":{"line":213,"column":78}},"type":"cond-expr","locations":[{"start":{"line":213,"column":51},"end":{"line":213,"column":67}},{"start":{"line":213,"column":69},"end":{"line":213,"column":78}}],"line":213},"7":{"loc":{"start":{"line":220,"column":6},"end":{"line":223,"column":7}},"type":"if","locations":[{"start":{"line":220,"column":6},"end":{"line":223,"column":7}},{"start":{"line":220,"column":6},"end":{"line":223,"column":7}}],"line":220},"8":{"loc":{"start":{"line":424,"column":2},"end":{"line":436,"column":3}},"type":"if","locations":[{"start":{"line":424,"column":2},"end":{"line":436,"column":3}},{"start":{"line":424,"column":2},"end":{"line":436,"column":3}}],"line":424},"9":{"loc":{"start":{"line":431,"column":4},"end":{"line":432,"column":32}},"type":"if","locations":[{"start":{"line":431,"column":4},"end":{"line":432,"column":32}},{"start":{"line":431,"column":4},"end":{"line":432,"column":32}}],"line":431},"10":{"loc":{"start":{"line":433,"column":4},"end":{"line":434,"column":63}},"type":"if","locations":[{"start":{"line":433,"column":4},"end":{"line":434,"column":63}},{"start":{"line":433,"column":4},"end":{"line":434,"column":63}}],"line":433},"11":{"loc":{"start":{"line":455,"column":4},"end":{"line":467,"column":5}},"type":"if","locations":[{"start":{"line":455,"column":4},"end":{"line":467,"column":5}},{"start":{"line":455,"column":4},"end":{"line":467,"column":5}}],"line":455}},"s":{"0":1,"1":1,"2":1,"3":1,"4":3,"5":3,"6":3,"7":0,"8":0,"9":0,"10":0,"11":0,"12":0,"13":0,"14":0,"15":0,"16":0,"17":0,"18":0,"19":0,"20":0,"21":0,"22":0,"23":0,"24":0,"25":0,"26":0,"27":0,"28":0,"29":0,"30":0,"31":0,"32":0,"33":0,"34":0,"35":0,"36":0,"37":0,"38":0,"39":0,"40":0,"41":0,"42":0,"43":0,"44":0,"45":0,"46":0,"47":0,"48":0,"49":0,"50":0,"51":0,"52":0,"53":0,"54":0,"55":0,"56":0,"57":0,"58":0,"59":0,"60":0,"61":0,"62":0,"63":0,"64":0,"65":0,"66":0,"67":0,"68":0,"69":0,"70":0,"71":0,"72":0,"73":0,"74":0,"75":0,"76":0,"77":0,"78":0,"79":0,"80":0,"81":0,"82":0,"83":0,"84":0,"85":0,"86":0,"87":0,"88":0,"89":0,"90":0,"91":0,"92":0,"93":0,"94":0,"95":0,"96":0,"97":0,"98":0,"99":0,"100":0,"101":0,"102":0,"103":0,"104":0,"105":0,"106":0,"107":0,"108":0,"109":0,"110":0,"111":0,"112":0,"113":0,"114":0,"115":0,"116":0,"117":0,"118":0,"119":0,"120":0,"121":0,"122":0,"123":0,"124":0,"125":0,"126":0,"127":0,"128":0,"129":0,"130":0,"131":0,"132":0,"133":0,"134":0,"135":0,"136":0,"137":0,"138":0,"139":0,"140":0,"141":0,"142":0,"143":0,"144":0,"145":0,"146":0,"147":0,"148":0,"149":0,"150":0,"151":0,"152":0,"153":0,"154":0,"155":0,"156":0,"157":0,"158":0,"159":0,"160":0,"161":0,"162":0,"163":0,"164":0,"165":0,"166":0,"167":0,"168":0,"169":0,"170":0,"171":0,"172":0,"173":0,"174":0,"175":0,"176":0,"177":0,"178":0,"179":0,"180":0,"181":0,"182":0,"183":0,"184":0,"185":0,"186":0,"187":0,"188":0,"189":0,"190":3,"191":0,"192":0,"193":0,"194":0,"195":0,"196":0,"197":0,"198":0,"199":0,"200":0,"201":0,"202":0,"203":0,"204":0,"205":0,"206":0,"207":0,"208":0,"209":0,"210":0,"211":0,"212":0,"213":0,"214":0,"215":0,"216":0,"217":0,"218":0,"219":0,"220":0,"221":0,"222":0,"223":0,"224":0,"225":0,"226":0,"227":0,"228":0},"f":{"0":0,"1":3,"2":0,"3":0,"4":0,"5":0,"6":0,"7":0,"8":0,"9":0,"10":0,"11":0,"12":0,"13":0,"14":0,"15":0,"16":0,"17":0,"18":0,"19":0},"b":{"0":[3],"1":[0,0,0,0,0,0,0,0,0,0,0,0,0,0,0,0,0,0,0,0,0,0,0,0,0,0,0,0,0,0,0,0,0,0,0,0,0,0,0,3],"2":[0,0],"3":[0,0],"4":[0,0],"5":[0,0],"6":[0,0],"7":[0,0],"8":[0,0],"9":[0,0],"10":[0,0],"11":[0,0]},"_coverageSchema":"43e27e138ebf9cfc5966b082cf9a028302ed4184","hash":"ec31b73963b356bb62e6db854e6c58a9d0ae3c6b"}
,"/usr/local/code/cma/cma-app/util/Logging.ts": {"path":"/usr/local/code/cma/cma-app/util/Logging.ts","statementMap":{"0":{"start":{"line":1,"column":26},"end":{"line":1,"column":50}},"1":{"start":{"line":3,"column":14},"end":{"line":3,"column":30}},"2":{"start":{"line":4,"column":12},"end":{"line":4,"column":44}},"3":{"start":{"line":5,"column":15},"end":{"line":5,"column":32}},"4":{"start":{"line":8,"column":23},"end":{"line":8,"column":37}},"5":{"start":{"line":9,"column":22},"end":{"line":9,"column":30}},"6":{"start":{"line":10,"column":23},"end":{"line":10,"column":30}},"7":{"start":{"line":11,"column":25},"end":{"line":11,"column":35}},"8":{"start":{"line":12,"column":25},"end":{"line":12,"column":36}},"9":{"start":{"line":13,"column":20},"end":{"line":13,"column":25}},"10":{"start":{"line":14,"column":23},"end":{"line":14,"column":27}},"11":{"start":{"line":15,"column":24},"end":{"line":15,"column":29}},"12":{"start":{"line":20,"column":18},"end":{"line":20,"column":20}},"13":{"start":{"line":21,"column":4},"end":{"line":31,"column":5}},"14":{"start":{"line":22,"column":8},"end":{"line":24,"column":9}},"15":{"start":{"line":23,"column":12},"end":{"line":23,"column":80}},"16":{"start":{"line":28,"column":8},"end":{"line":30,"column":9}},"17":{"start":{"line":29,"column":12},"end":{"line":29,"column":55}},"18":{"start":{"line":32,"column":17},"end":{"line":32,"column":42}},"19":{"start":{"line":33,"column":4},"end":{"line":34,"column":30}},"20":{"start":{"line":34,"column":8},"end":{"line":34,"column":30}},"21":{"start":{"line":35,"column":4},"end":{"line":35,"column":35}},"22":{"start":{"line":38,"column":4},"end":{"line":39,"column":15}},"23":{"start":{"line":39,"column":8},"end":{"line":39,"column":15}},"24":{"start":{"line":41,"column":4},"end":{"line":42,"column":54}},"25":{"start":{"line":42,"column":8},"end":{"line":42,"column":54}},"26":{"start":{"line":44,"column":15},"end":{"line":44,"column":57}},"27":{"start":{"line":45,"column":4},"end":{"line":45,"column":35}},"28":{"start":{"line":47,"column":4},"end":{"line":47,"column":71}},"29":{"start":{"line":51,"column":4},"end":{"line":51,"column":27}},"30":{"start":{"line":55,"column":4},"end":{"line":55,"column":53}},"31":{"start":{"line":60,"column":4},"end":{"line":60,"column":60}},"32":{"start":{"line":64,"column":4},"end":{"line":64,"column":56}},"33":{"start":{"line":67,"column":4},"end":{"line":67,"column":62}},"34":{"start":{"line":71,"column":12},"end":{"line":75,"column":6}},"35":{"start":{"line":73,"column":8},"end":{"line":73,"column":27}},"36":{"start":{"line":74,"column":8},"end":{"line":74,"column":25}},"37":{"start":{"line":85,"column":15},"end":{"line":85,"column":32}},"38":{"start":{"line":86,"column":16},"end":{"line":86,"column":32}},"39":{"start":{"line":87,"column":22},"end":{"line":87,"column":37}},"40":{"start":{"line":88,"column":21},"end":{"line":88,"column":36}},"41":{"start":{"line":89,"column":23},"end":{"line":90,"column":56}},"42":{"start":{"line":93,"column":4},"end":{"line":93,"column":68}},"43":{"start":{"line":100,"column":0},"end":{"line":102,"column":1}}},"fnMap":{"0":{"name":"(anonymous_0)","decl":{"start":{"line":18,"column":4},"end":{"line":18,"column":5}},"loc":{"start":{"line":18,"column":51},"end":{"line":36,"column":1}},"line":18},"1":{"name":"(anonymous_1)","decl":{"start":{"line":37,"column":0},"end":{"line":37,"column":1}},"loc":{"start":{"line":37,"column":68},"end":{"line":48,"column":1}},"line":37},"2":{"name":"(anonymous_2)","decl":{"start":{"line":50,"column":0},"end":{"line":50,"column":1}},"loc":{"start":{"line":50,"column":24},"end":{"line":52,"column":1}},"line":50},"3":{"name":"(anonymous_3)","decl":{"start":{"line":54,"column":0},"end":{"line":54,"column":1}},"loc":{"start":{"line":54,"column":46},"end":{"line":57,"column":1}},"line":54},"4":{"name":"(anonymous_4)","decl":{"start":{"line":59,"column":0},"end":{"line":59,"column":1}},"loc":{"start":{"line":59,"column":47},"end":{"line":61,"column":1}},"line":59},"5":{"name":"(anonymous_5)","decl":{"start":{"line":63,"column":0},"end":{"line":63,"column":1}},"loc":{"start":{"line":63,"column":38},"end":{"line":65,"column":1}},"line":63},"6":{"name":"(anonymous_6)","decl":{"start":{"line":66,"column":0},"end":{"line":66,"column":1}},"loc":{"start":{"line":66,"column":41},"end":{"line":68,"column":1}},"line":66},"7":{"name":"(anonymous_7)","decl":{"start":{"line":70,"column":0},"end":{"line":70,"column":1}},"loc":{"start":{"line":70,"column":24},"end":{"line":78,"column":1}},"line":70},"8":{"name":"(anonymous_8)","decl":{"start":{"line":71,"column":24},"end":{"line":71,"column":25}},"loc":{"start":{"line":71,"column":51},"end":{"line":75,"column":5}},"line":71},"9":{"name":"(anonymous_9)","decl":{"start":{"line":81,"column":0},"end":{"line":81,"column":1}},"loc":{"start":{"line":81,"column":23},"end":{"line":95,"column":1}},"line":81}},"branchMap":{"0":{"loc":{"start":{"line":21,"column":4},"end":{"line":31,"column":5}},"type":"if","locations":[{"start":{"line":21,"column":4},"end":{"line":31,"column":5}},{"start":{"line":21,"column":4},"end":{"line":31,"column":5}}],"line":21},"1":{"loc":{"start":{"line":33,"column":4},"end":{"line":34,"column":30}},"type":"if","locations":[{"start":{"line":33,"column":4},"end":{"line":34,"column":30}},{"start":{"line":33,"column":4},"end":{"line":34,"column":30}}],"line":33},"2":{"loc":{"start":{"line":37,"column":40},"end":{"line":37,"column":66}},"type":"default-arg","locations":[{"start":{"line":37,"column":49},"end":{"line":37,"column":66}}],"line":37},"3":{"loc":{"start":{"line":38,"column":4},"end":{"line":39,"column":15}},"type":"if","locations":[{"start":{"line":38,"column":4},"end":{"line":39,"column":15}},{"start":{"line":38,"column":4},"end":{"line":39,"column":15}}],"line":38},"4":{"loc":{"start":{"line":41,"column":4},"end":{"line":42,"column":54}},"type":"if","locations":[{"start":{"line":41,"column":4},"end":{"line":42,"column":54}},{"start":{"line":41,"column":4},"end":{"line":42,"column":54}}],"line":41},"5":{"loc":{"start":{"line":54,"column":20},"end":{"line":54,"column":44}},"type":"default-arg","locations":[{"start":{"line":54,"column":42},"end":{"line":54,"column":44}}],"line":54},"6":{"loc":{"start":{"line":59,"column":21},"end":{"line":59,"column":45}},"type":"default-arg","locations":[{"start":{"line":59,"column":43},"end":{"line":59,"column":45}}],"line":59},"7":{"loc":{"start":{"line":63,"column":20},"end":{"line":63,"column":36}},"type":"default-arg","locations":[{"start":{"line":63,"column":34},"end":{"line":63,"column":36}}],"line":63},"8":{"loc":{"start":{"line":66,"column":23},"end":{"line":66,"column":39}},"type":"default-arg","locations":[{"start":{"line":66,"column":37},"end":{"line":66,"column":39}}],"line":66},"9":{"loc":{"start":{"line":89,"column":23},"end":{"line":90,"column":56}},"type":"cond-expr","locations":[{"start":{"line":89,"column":52},"end":{"line":89,"column":125}},{"start":{"line":90,"column":8},"end":{"line":90,"column":56}}],"line":89}},"s":{"0":1,"1":1,"2":1,"3":1,"4":1,"5":1,"6":1,"7":1,"8":1,"9":1,"10":1,"11":1,"12":16,"13":16,"14":4,"15":7,"16":12,"17":7,"18":16,"19":16,"20":8,"21":16,"22":40,"23":24,"24":16,"25":16,"26":16,"27":16,"28":16,"29":4,"30":26,"31":0,"32":0,"33":14,"34":0,"35":0,"36":0,"37":16,"38":16,"39":16,"40":16,"41":16,"42":16,"43":1},"f":{"0":16,"1":40,"2":4,"3":26,"4":0,"5":0,"6":14,"7":0,"8":0,"9":16},"b":{"0":[4,12],"1":[8,8],"2":[26],"3":[24,16],"4":[16,0],"5":[16],"6":[0],"7":[0],"8":[0],"9":[16,0]},"_coverageSchema":"43e27e138ebf9cfc5966b082cf9a028302ed4184","hash":"8bca070965e5a13b56f08515d6e7a83e2784b035"}
,"/usr/local/code/cma/cma-app/util/store.ts": {"path":"/usr/local/code/cma/cma-app/util/store.ts","statementMap":{"0":{"start":{"line":4,"column":25},"end":{"line":4,"column":79}},"1":{"start":{"line":6,"column":21},"end":{"line":10,"column":5}}},"fnMap":{},"branchMap":{"0":{"loc":{"start":{"line":4,"column":25},"end":{"line":4,"column":79}},"type":"binary-expr","locations":[{"start":{"line":4,"column":25},"end":{"line":4,"column":68}},{"start":{"line":4,"column":72},"end":{"line":4,"column":79}}],"line":4}},"s":{"0":1,"1":1},"f":{},"b":{"0":[1,1]},"_coverageSchema":"43e27e138ebf9cfc5966b082cf9a028302ed4184","hash":"ad503a738dbafd94a3be8a4f54cecf960a1e4332"}
}
