TN:
SF:/usr/local/code/cma/cma-app/aws-exports-test.js
FNF:0
FNH:0
DA:4,1
DA:35,1
LF:2
LH:2
BRF:0
BRH:0
end_of_record
TN:
SF:/usr/local/code/cma/cma-app/api/fetch.ts
FN:17,fetchAllUsers
FN:42,fetchAllPosts
FN:68,fetchAllChannels
FN:83,handlePostEvent
FN:104,handleBroadcastEvent
FN:126,subscribeToMyPosts
FN:135,(anonymous_6)
FN:148,subscribeToBroadcastChannel
FN:157,(anonymous_8)
FN:171,fetchOperatingUser
FN:235,fetchOwnedChannels
FN:260,fetchPosts
FN:289,fetchBroadcastPost
FN:300,(anonymous_13)
FN:317,(anonymous_14)
FN:341,getAuthDetails
FN:356,fetchMySubChannels
FN:377,fetchChannelDetails
FN:392,(anonymous_18)
FNF:19
FNH:1
FNDA:0,fetchAllUsers
FNDA:0,fetchAllPosts
FNDA:0,fetchAllChannels
FNDA:0,handlePostEvent
FNDA:0,handleBroadcastEvent
FNDA:0,subscribeToMyPosts
FNDA:0,(anonymous_6)
FNDA:0,subscribeToBroadcastChannel
FNDA:0,(anonymous_8)
FNDA:4,fetchOperatingUser
FNDA:0,fetchOwnedChannels
FNDA:0,fetchPosts
FNDA:0,fetchBroadcastPost
FNDA:0,(anonymous_13)
FNDA:0,(anonymous_14)
FNDA:0,getAuthDetails
FNDA:0,fetchMySubChannels
FNDA:0,fetchChannelDetails
FNDA:0,(anonymous_18)
DA:18,0
DA:20,0
DA:21,0
DA:27,0
DA:33,0
DA:35,0
DA:36,0
DA:39,0
DA:43,0
DA:45,0
DA:46,0
DA:51,0
DA:58,0
DA:60,0
DA:61,0
DA:64,0
DA:69,0
DA:73,0
DA:77,0
DA:78,0
DA:89,0
DA:90,0
DA:94,0
DA:95,0
DA:96,0
DA:97,0
DA:99,0
DA:105,0
DA:110,0
DA:111,0
DA:116,0
DA:117,0
DA:118,0
DA:119,0
DA:121,0
DA:127,0
DA:128,0
DA:129,0
DA:132,0
DA:133,0
DA:134,0
DA:135,0
DA:136,0
DA:137,0
DA:138,0
DA:140,0
DA:144,0
DA:149,0
DA:150,0
DA:151,0
DA:154,0
DA:155,0
DA:156,0
DA:157,0
DA:158,0
DA:159,0
DA:160,0
DA:162,0
DA:166,0
DA:179,4
DA:180,0
DA:182,4
DA:190,4
DA:196,4
DA:198,4
DA:199,4
DA:200,4
DA:203,4
DA:205,4
DA:208,4
DA:210,4
DA:212,4
DA:214,4
DA:216,4
DA:218,4
DA:225,0
DA:226,0
DA:229,0
DA:230,0
DA:232,0
DA:236,0
DA:237,0
DA:238,0
DA:239,0
DA:249,0
DA:256,0
DA:261,0
DA:262,0
DA:263,0
DA:264,0
DA:267,0
DA:271,0
DA:277,0
DA:280,0
DA:282,0
DA:284,0
DA:285,0
DA:290,0
DA:292,0
DA:293,0
DA:294,0
DA:298,0
DA:299,0
DA:300,0
DA:301,0
DA:302,0
DA:311,0
DA:312,0
DA:314,0
DA:315,0
DA:316,0
DA:317,0
DA:324,0
DA:326,0
DA:327,0
DA:331,0
DA:332,0
DA:334,0
DA:336,0
DA:337,0
DA:342,0
DA:343,0
DA:344,0
DA:349,0
DA:353,0
DA:357,0
DA:358,0
DA:359,0
DA:360,0
DA:366,0
DA:372,0
DA:373,0
DA:387,0
DA:391,0
DA:392,0
DA:395,0
LF:136
LH:15
BRDA:33,0,0,0
BRDA:33,0,1,0
BRDA:58,1,0,0
BRDA:58,1,1,0
BRDA:78,2,0,0
BRDA:78,2,1,0
BRDA:94,3,0,0
BRDA:94,3,1,0
BRDA:96,4,0,0
BRDA:96,4,1,0
BRDA:116,5,0,0
BRDA:116,5,1,0
BRDA:118,6,0,0
BRDA:118,6,1,0
BRDA:128,7,0,0
BRDA:128,7,1,0
BRDA:150,8,0,0
BRDA:150,8,1,0
BRDA:179,9,0,0
BRDA:179,9,1,4
BRDA:199,10,0,4
BRDA:199,10,1,0
BRDA:237,11,0,0
BRDA:237,11,1,0
BRDA:262,12,0,0
BRDA:262,12,1,0
BRDA:292,13,0,0
BRDA:292,13,1,0
BRDA:342,14,0,0
BRDA:342,14,1,0
BRDA:358,15,0,0
BRDA:358,15,1,0
BRF:32
BRH:2
end_of_record
TN:
SF:/usr/local/code/cma/cma-app/api/mutate.ts
FN:17,commentOnPost
FN:22,(anonymous_1)
FN:29,likePost
FN:31,(anonymous_3)
FN:39,(anonymous_4)
FN:65,updateUser
FN:100,createUser
FN:140,deleteUser
FN:171,createChannel
FN:216,subscribeToChannel
FN:226,(anonymous_10)
FN:260,createPost
FN:301,createBroadcast
FN:326,deleteBroadcast
FN:347,deletePost
FN:359,(anonymous_15)
FN:370,(anonymous_16)
FN:381,(anonymous_17)
FNF:18
FNH:3
FNDA:0,commentOnPost
FNDA:0,(anonymous_1)
FNDA:0,likePost
FNDA:0,(anonymous_3)
FNDA:0,(anonymous_4)
FNDA:3,updateUser
FNDA:3,createUser
FNDA:3,deleteUser
FNDA:0,createChannel
FNDA:0,subscribeToChannel
FNDA:0,(anonymous_10)
FNDA:0,createPost
FNDA:0,createBroadcast
FNDA:0,deleteBroadcast
FNDA:0,deletePost
FNDA:0,(anonymous_15)
FNDA:0,(anonymous_16)
FNDA:0,(anonymous_17)
DA:18,0
DA:20,0
DA:21,0
DA:22,0
DA:23,0
DA:24,0
DA:31,0
DA:32,0
DA:33,0
DA:34,0
DA:36,0
DA:37,0
DA:38,0
DA:39,0
DA:40,0
DA:41,0
DA:45,0
DA:66,3
DA:67,3
DA:68,3
DA:69,1
DA:71,3
DA:72,0
DA:73,0
DA:75,3
DA:76,3
DA:78,3
DA:83,3
DA:84,3
DA:85,3
DA:87,3
DA:88,3
DA:90,0
DA:95,0
DA:101,3
DA:103,3
DA:104,0
DA:105,0
DA:107,3
DA:117,3
DA:122,3
DA:125,3
DA:127,3
DA:128,3
DA:129,3
DA:131,0
DA:136,0
DA:141,3
DA:142,0
DA:143,0
DA:146,3
DA:148,3
DA:154,3
DA:155,3
DA:156,3
DA:158,3
DA:159,3
DA:161,0
DA:173,0
DA:174,0
DA:175,0
DA:176,0
DA:179,0
DA:180,0
DA:181,0
DA:184,0
DA:186,0
DA:197,0
DA:201,0
DA:202,0
DA:204,0
DA:206,0
DA:218,0
DA:220,0
DA:221,0
DA:222,0
DA:225,0
DA:226,0
DA:227,0
DA:228,0
DA:231,0
DA:234,0
DA:237,0
DA:238,0
DA:244,0
DA:253,0
DA:257,0
DA:262,0
DA:263,0
DA:264,0
DA:267,0
DA:268,0
DA:270,0
DA:276,0
DA:277,0
DA:280,0
DA:287,0
DA:291,0
DA:294,0
DA:302,0
DA:303,0
DA:304,0
DA:307,0
DA:309,0
DA:319,0
DA:322,0
DA:327,0
DA:328,0
DA:329,0
DA:332,0
DA:334,0
DA:340,0
DA:343,0
DA:348,0
DA:349,0
DA:350,0
DA:351,0
DA:354,0
DA:356,0
DA:359,0
DA:360,0
DA:370,0
DA:371,0
DA:381,0
DA:382,0
DA:390,0
DA:400,0
DA:402,0
DA:407,0
LF:129
LH:30
BRDA:21,0,0,0
BRDA:21,0,1,0
BRDA:33,1,0,0
BRDA:33,1,1,0
BRDA:38,2,0,0
BRDA:38,2,1,0
BRDA:68,3,0,1
BRDA:68,3,1,2
BRDA:71,4,0,0
BRDA:71,4,1,3
BRDA:84,5,0,3
BRDA:84,5,1,0
BRDA:87,6,0,1
BRDA:87,6,1,2
BRDA:103,7,0,0
BRDA:103,7,1,3
BRDA:103,8,0,3
BRDA:103,8,1,3
BRDA:114,9,0,3
BRDA:114,9,1,3
BRDA:128,10,0,3
BRDA:128,10,1,0
BRDA:141,11,0,0
BRDA:141,11,1,3
BRDA:155,12,0,3
BRDA:155,12,1,0
BRDA:158,13,0,0
BRDA:158,13,1,3
BRDA:174,14,0,0
BRDA:174,14,1,0
BRDA:179,15,0,0
BRDA:179,15,1,0
BRDA:220,16,0,0
BRDA:220,16,1,0
BRDA:220,17,0,0
BRDA:220,17,1,0
BRDA:226,18,0,0
BRDA:226,18,1,0
BRDA:237,19,0,0
BRDA:237,19,1,0
BRDA:262,20,0,0
BRDA:262,20,1,0
BRDA:302,21,0,0
BRDA:302,21,1,0
BRDA:302,22,0,0
BRDA:302,22,1,0
BRDA:327,23,0,0
BRDA:327,23,1,0
BRDA:349,24,0,0
BRDA:349,24,1,0
BRF:50
BRH:15
end_of_record
TN:
SF:/usr/local/code/cma/cma-app/graphql/mutations.ts
FNF:0
FNH:0
DA:5,1
DA:86,1
DA:166,1
DA:246,1
DA:296,1
DA:345,1
DA:393,1
DA:407,1
DA:423,1
DA:439,1
DA:455,1
DA:471,1
DA:487,1
DA:503,1
DA:516,1
DA:529,1
DA:542,1
DA:560,1
DA:579,1
DA:597,1
DA:612,1
DA:627,1
DA:642,1
DA:660,1
DA:674,1
DA:688,1
DA:797,1
DA:906,1
LF:28
LH:28
BRF:0
BRH:0
end_of_record
TN:
SF:/usr/local/code/cma/cma-app/graphql/queries.ts
FNF:0
FNH:0
DA:9,1
DA:53,1
DA:104,1
DA:128,1
DA:213,1
DA:258,1
DA:280,1
DA:303,1
DA:322,1
DA:348,1
DA:378,1
DA:389,1
DA:415,1
DA:508,1
DA:557,1
DA:616,1
DA:646,1
DA:676,1
DA:715,1
DA:748,1
DA:776,1
DA:812,1
DA:846,1
LF:23
LH:23
BRF:0
BRH:0
end_of_record
TN:
SF:/usr/local/code/cma/cma-app/graphql/subscriptions-bck-fail.ts
FNF:0
FNH:0
DA:5,1
DA:60,1
DA:122,1
DA:194,1
DA:266,1
DA:338,1
DA:374,1
DA:410,1
DA:446,1
DA:482,1
DA:518,1
DA:554,1
DA:567,1
DA:580,1
DA:593,1
DA:643,1
DA:693,1
DA:743,1
DA:801,1
DA:859,1
DA:917,1
DA:979,1
DA:1041,1
DA:1103,1
DA:1196,1
DA:1289,1
LF:26
LH:26
BRF:0
BRH:0
end_of_record
TN:
SF:/usr/local/code/cma/cma-app/models/index.js
FNF:0
FNH:0
DA:7,1
LF:1
LH:1
BRF:0
BRH:0
end_of_record
TN:
SF:/usr/local/code/cma/cma-app/models/schema.js
FNF:0
FNH:0
DA:1,1
LF:1
LH:1
BRF:0
BRH:0
end_of_record
TN:
SF:/usr/local/code/cma/cma-app/reducers/CombinedReducers.ts
FN:52,logState
FN:55,(anonymous_1)
FN:185,(anonymous_2)
FN:194,(anonymous_3)
FN:195,(anonymous_4)
FN:212,(anonymous_5)
FN:226,(anonymous_6)
FN:255,(anonymous_7)
FN:261,(anonymous_8)
FN:300,(anonymous_9)
FN:364,resetDataStore
FN:372,syncPostWithDS
FN:394,syncPrefWithDS
FN:401,syncMeetings
FN:409,syncAuthWithDS
FN:419,saveAuth
FN:425,(anonymous_16)
FN:445,saveMeetings
FN:452,(anonymous_18)
FN:457,(anonymous_19)
FNF:20
FNH:1
FNDA:0,logState
FNDA:3,(anonymous_1)
FNDA:0,(anonymous_2)
FNDA:0,(anonymous_3)
FNDA:0,(anonymous_4)
FNDA:0,(anonymous_5)
FNDA:0,(anonymous_6)
FNDA:0,(anonymous_7)
FNDA:0,(anonymous_8)
FNDA:0,(anonymous_9)
FNDA:0,resetDataStore
FNDA:0,syncPostWithDS
FNDA:0,syncPrefWithDS
FNDA:0,syncMeetings
FNDA:0,syncAuthWithDS
FNDA:0,saveAuth
FNDA:0,(anonymous_16)
FNDA:0,saveMeetings
FNDA:0,(anonymous_18)
FNDA:0,(anonymous_19)
DA:11,1
DA:19,1
DA:27,1
DA:55,1
DA:56,3
DA:57,3
DA:59,3
DA:62,0
DA:63,0
DA:64,0
DA:65,0
DA:66,0
DA:67,0
DA:68,0
DA:69,0
DA:70,0
DA:72,0
DA:73,0
DA:74,0
DA:77,0
DA:78,0
DA:82,0
DA:83,0
DA:84,0
DA:85,0
DA:86,0
DA:87,0
DA:89,0
DA:90,0
DA:94,0
DA:96,0
DA:97,0
DA:99,0
DA:100,0
DA:101,0
DA:104,0
DA:105,0
DA:106,0
DA:107,0
DA:109,0
DA:110,0
DA:111,0
DA:113,0
DA:114,0
DA:115,0
DA:116,0
DA:119,0
DA:120,0
DA:121,0
DA:122,0
DA:123,0
DA:124,0
DA:125,0
DA:127,0
DA:128,0
DA:131,0
DA:132,0
DA:133,0
DA:135,0
DA:136,0
DA:139,0
DA:140,0
DA:142,0
DA:143,0
DA:144,0
DA:148,0
DA:149,0
DA:150,0
DA:151,0
DA:153,0
DA:154,0
DA:155,0
DA:156,0
DA:159,0
DA:161,0
DA:162,0
DA:165,0
DA:166,0
DA:167,0
DA:169,0
DA:170,0
DA:171,0
DA:172,0
DA:173,0
DA:175,0
DA:176,0
DA:177,0
DA:178,0
DA:179,0
DA:180,0
DA:181,0
DA:185,0
DA:186,0
DA:187,0
DA:188,0
DA:190,0
DA:194,0
DA:195,0
DA:196,0
DA:197,0
DA:201,0
DA:205,0
DA:206,0
DA:207,0
DA:209,0
DA:210,0
DA:211,0
DA:212,0
DA:213,0
DA:215,0
DA:216,0
DA:217,0
DA:220,0
DA:221,0
DA:222,0
DA:224,0
DA:225,0
DA:226,0
DA:227,0
DA:228,0
DA:229,0
DA:247,0
DA:248,0
DA:250,0
DA:251,0
DA:252,0
DA:255,0
DA:256,0
DA:257,0
DA:259,0
DA:260,0
DA:261,0
DA:262,0
DA:263,0
DA:264,0
DA:267,0
DA:269,0
DA:272,0
DA:273,0
DA:274,0
DA:277,0
DA:278,0
DA:279,0
DA:282,0
DA:283,0
DA:284,0
DA:287,0
DA:288,0
DA:289,0
DA:291,0
DA:292,0
DA:293,0
DA:295,0
DA:298,0
DA:300,0
DA:302,0
DA:305,0
DA:306,0
DA:307,0
DA:308,0
DA:311,0
DA:312,0
DA:313,0
DA:314,0
DA:315,0
DA:316,0
DA:318,0
DA:320,0
DA:324,0
DA:325,0
DA:327,0
DA:330,0
DA:333,0
DA:336,0
DA:340,0
DA:342,0
DA:344,0
DA:346,0
DA:348,0
DA:349,0
DA:351,0
DA:352,0
DA:354,0
DA:356,0
DA:358,3
DA:367,0
DA:373,0
DA:388,0
DA:391,0
DA:395,0
DA:396,0
DA:398,0
DA:403,0
DA:404,0
DA:406,0
DA:410,0
DA:411,0
DA:414,0
DA:422,0
DA:423,0
DA:424,0
DA:425,0
DA:426,0
DA:430,0
DA:431,0
DA:432,0
DA:433,0
DA:434,0
DA:435,0
DA:438,0
DA:446,0
DA:447,0
DA:449,0
DA:450,0
DA:452,0
DA:454,0
DA:455,0
DA:457,0
DA:458,0
DA:463,0
DA:469,0
DA:473,0
LF:222
LH:8
BRDA:55,0,0,3
BRDA:59,1,0,0
BRDA:59,1,1,0
BRDA:59,1,2,0
BRDA:59,1,3,0
BRDA:59,1,4,0
BRDA:59,1,5,0
BRDA:59,1,6,0
BRDA:59,1,7,0
BRDA:59,1,8,0
BRDA:59,1,9,0
BRDA:59,1,10,0
BRDA:59,1,11,0
BRDA:59,1,12,0
BRDA:59,1,13,0
BRDA:59,1,14,0
BRDA:59,1,15,0
BRDA:59,1,16,0
BRDA:59,1,17,0
BRDA:59,1,18,0
BRDA:59,1,19,0
BRDA:59,1,20,0
BRDA:59,1,21,0
BRDA:59,1,22,0
BRDA:59,1,23,0
BRDA:59,1,24,0
BRDA:59,1,25,0
BRDA:59,1,26,0
BRDA:59,1,27,0
BRDA:59,1,28,0
BRDA:59,1,29,0
BRDA:59,1,30,0
BRDA:59,1,31,0
BRDA:59,1,32,0
BRDA:59,1,33,0
BRDA:59,1,34,0
BRDA:59,1,35,0
BRDA:59,1,36,0
BRDA:59,1,37,0
BRDA:59,1,38,0
BRDA:59,1,39,3
BRDA:132,2,0,0
BRDA:132,2,1,0
BRDA:132,3,0,0
BRDA:132,3,1,0
BRDA:170,4,0,0
BRDA:170,4,1,0
BRDA:205,5,0,0
BRDA:205,5,1,0
BRDA:213,6,0,0
BRDA:213,6,1,0
BRDA:220,7,0,0
BRDA:220,7,1,0
BRDA:424,8,0,0
BRDA:424,8,1,0
BRDA:431,9,0,0
BRDA:431,9,1,0
BRDA:433,10,0,0
BRDA:433,10,1,0
BRDA:455,11,0,0
BRDA:455,11,1,0
BRF:61
BRH:2
end_of_record
TN:
SF:/usr/local/code/cma/cma-app/util/Logging.ts
FN:18,(anonymous_0)
FN:37,(anonymous_1)
FN:50,(anonymous_2)
FN:54,(anonymous_3)
FN:59,(anonymous_4)
FN:63,(anonymous_5)
FN:66,(anonymous_6)
FN:70,(anonymous_7)
FN:71,(anonymous_8)
FN:81,(anonymous_9)
FNF:10
FNH:6
FNDA:16,(anonymous_0)
FNDA:40,(anonymous_1)
FNDA:4,(anonymous_2)
FNDA:26,(anonymous_3)
FNDA:0,(anonymous_4)
FNDA:0,(anonymous_5)
FNDA:14,(anonymous_6)
FNDA:0,(anonymous_7)
FNDA:0,(anonymous_8)
FNDA:16,(anonymous_9)
DA:1,1
DA:3,1
DA:4,1
DA:5,1
DA:8,1
DA:9,1
DA:10,1
DA:11,1
DA:12,1
DA:13,1
DA:14,1
DA:15,1
DA:20,16
DA:21,16
DA:22,4
DA:23,7
DA:28,12
DA:29,7
DA:32,16
DA:33,16
DA:34,8
DA:35,16
DA:38,40
DA:39,24
DA:41,16
DA:42,16
DA:44,16
DA:45,16
DA:47,16
DA:51,4
DA:55,26
DA:60,0
DA:64,0
DA:67,14
DA:71,0
DA:73,0
DA:74,0
DA:85,16
DA:86,16
DA:87,16
DA:88,16
DA:89,16
DA:93,16
DA:100,1
LF:44
LH:39
BRDA:21,0,0,4
BRDA:21,0,1,12
BRDA:33,1,0,8
BRDA:33,1,1,8
BRDA:37,2,0,26
BRDA:38,3,0,24
BRDA:38,3,1,16
BRDA:41,4,0,16
BRDA:41,4,1,0
BRDA:54,5,0,16
BRDA:59,6,0,0
BRDA:63,7,0,0
BRDA:66,8,0,0
BRDA:89,9,0,16
BRDA:89,9,1,0
BRF:15
BRH:10
end_of_record
TN:
SF:/usr/local/code/cma/cma-app/util/store.ts
FNF:0
FNH:0
DA:4,1
DA:6,1
LF:2
LH:2
BRDA:4,0,0,1
BRDA:4,0,1,1
BRF:2
BRH:2
end_of_record
